Log file open, 08/06/20 21:52:54
LogWindows: Failed to load 'aqProf.dll' (GetLastError=126)
LogWindows: File 'aqProf.dll' does not exist
LogWindows: Failed to load 'VtuneApi.dll' (GetLastError=126)
LogWindows: File 'VtuneApi.dll' does not exist
LogWindows: Failed to load 'VtuneApi32e.dll' (GetLastError=126)
LogWindows: File 'VtuneApi32e.dll' does not exist
LogConsoleResponse: Display: Failed to find resolution value strings in scalability ini. Falling back to default.
LogInit: Display: Running engine for game: PuzzlePlatform
LogPakFile: Registered encryption key '00000000000000000000000000000000': 0 pak files mounted, 0 remain pending
LogPlatformFile: Not using cached read wrapper
LogTaskGraph: Started task graph with 5 named threads and 23 total threads with 3 sets of task threads.
LogStats: Stats thread started at 0.287369
LogD3D11RHI: Loaded GFSDK_Aftermath_Lib.x64.dll
LogICUInternationalization: ICU TimeZone Detection - Raw Offset: -5:00, Platform Override: ''
LogPluginManager: Mounting plugin Paper2D
LogPluginManager: Mounting plugin AISupport
LogPluginManager: Mounting plugin LightPropagationVolume
LogPluginManager: Mounting plugin ActorLayerUtilities
LogPluginManager: Mounting plugin AnimationSharing
LogPluginManager: Mounting plugin CLionSourceCodeAccess
LogPluginManager: Mounting plugin CodeLiteSourceCodeAccess
LogPluginManager: Mounting plugin GitSourceControl
LogPluginManager: Mounting plugin KDevelopSourceCodeAccess
LogPluginManager: Mounting plugin NullSourceCodeAccess
LogPluginManager: Mounting plugin PerforceSourceControl
LogPluginManager: Mounting plugin SubversionSourceControl
LogPluginManager: Mounting plugin UObjectPlugin
LogPluginManager: Mounting plugin VisualStudioCodeSourceCodeAccess
LogPluginManager: Mounting plugin VisualStudioSourceCodeAccess
LogPluginManager: Mounting plugin XCodeSourceCodeAccess
LogPluginManager: Mounting plugin AssetManagerEditor
LogPluginManager: Mounting plugin CryptoKeys
LogPluginManager: Mounting plugin DataValidation
LogPluginManager: Mounting plugin FacialAnimation
LogPluginManager: Mounting plugin GameplayTagsEditor
LogPluginManager: Mounting plugin MacGraphicsSwitching
LogPluginManager: Mounting plugin MaterialAnalyzer
LogPluginManager: Mounting plugin MobileLauncherProfileWizard
LogPluginManager: Mounting plugin PluginBrowser
LogPluginManager: Mounting plugin SpeedTreeImporter
LogPluginManager: Mounting plugin DatasmithContent
LogPluginManager: Mounting plugin VariantManagerContent
LogPluginManager: Mounting plugin AlembicImporter
LogPluginManager: Mounting plugin AppleImageUtils
LogPluginManager: Mounting plugin AppleVision
LogPluginManager: Mounting plugin BackChannel
LogPluginManager: Mounting plugin CharacterAI
LogPluginManager: Mounting plugin GeometryCache
LogPluginManager: Mounting plugin HTML5Networking
LogPluginManager: Mounting plugin ProxyLODPlugin
LogPluginManager: Mounting plugin SkeletalReduction
LogPluginManager: Mounting plugin MagicLeap
LogPluginManager: Mounting plugin MagicLeapMedia
LogPluginManager: Mounting plugin AndroidMedia
LogPluginManager: Mounting plugin AvfMedia
LogPluginManager: Mounting plugin ImgMedia
LogPluginManager: Mounting plugin LinearTimecode
LogPluginManager: Mounting plugin MediaCompositing
LogPluginManager: Mounting plugin MediaPlayerEditor
LogPluginManager: Mounting plugin WebMMedia
LogPluginManager: Mounting plugin WmfMedia
LogPluginManager: Mounting plugin TcpMessaging
LogPluginManager: Mounting plugin UdpMessaging
LogPluginManager: Mounting plugin ActorSequence
LogPluginManager: Mounting plugin LevelSequenceEditor
LogPluginManager: Mounting plugin MatineeToLevelSequence
LogPluginManager: Mounting plugin NetcodeUnitTest
LogPluginManager: Mounting plugin NUTUnrealEngine4
LogPluginManager: Mounting plugin OnlineSubsystemGooglePlay
LogPluginManager: Mounting plugin OnlineSubsystemIOS
LogPluginManager: Mounting plugin OnlineSubsystem
LogPluginManager: Mounting plugin OnlineSubsystemNull
LogPluginManager: Mounting plugin OnlineSubsystemUtils
LogPluginManager: Mounting plugin LauncherChunkInstaller
LogPluginManager: Mounting plugin AndroidDeviceProfileSelector
LogPluginManager: Mounting plugin AndroidMoviePlayer
LogPluginManager: Mounting plugin AndroidPermission
LogPluginManager: Mounting plugin AppleMoviePlayer
LogPluginManager: Mounting plugin ArchVisCharacter
LogPluginManager: Mounting plugin AudioCapture
LogPluginManager: Mounting plugin CableComponent
LogPluginManager: Mounting plugin CustomMeshComponent
LogPluginManager: Mounting plugin EditableMesh
LogPluginManager: Mounting plugin ExampleDeviceProfileSelector
LogPluginManager: Mounting plugin Firebase
LogPluginManager: Mounting plugin GoogleCloudMessaging
LogPluginManager: Mounting plugin IOSDeviceProfileSelector
LogPluginManager: Mounting plugin LinuxDeviceProfileSelector
LogPluginManager: Mounting plugin LocationServicesBPLibrary
LogPluginManager: Mounting plugin MobilePatchingUtils
LogPluginManager: Mounting plugin OculusVR
LogPluginManager: Mounting plugin PhysXVehicles
LogPluginManager: Mounting plugin ProceduralMeshComponent
LogPluginManager: Mounting plugin RuntimePhysXCooking
LogPluginManager: Mounting plugin SignificanceManager
LogPluginManager: Mounting plugin SteamVR
LogPluginManager: Mounting plugin WebMMoviePlayer
LogPluginManager: Mounting plugin WindowsMoviePlayer
LogInit: Using libcurl 7.55.1-DEV
LogInit:  - built for x86_64-pc-win32
LogInit:  - supports SSL with OpenSSL/1.1.1
LogInit:  - supports HTTP deflate (compression) using libz 1.2.8
LogInit:  - other features:
LogInit:      CURL_VERSION_SSL
LogInit:      CURL_VERSION_LIBZ
LogInit:      CURL_VERSION_IPV6
LogInit:      CURL_VERSION_ASYNCHDNS
LogInit:      CURL_VERSION_LARGEFILE
LogInit:      CURL_VERSION_IDN
LogInit:  CurlRequestOptions (configurable via config and command line):
LogInit:  - bVerifyPeer = true  - Libcurl will verify peer certificate
LogInit:  - bUseHttpProxy = false  - Libcurl will NOT use HTTP proxy
LogInit:  - bDontReuseConnections = false  - Libcurl will reuse connections
LogInit:  - MaxHostConnections = 16  - Libcurl will limit the number of connections to a host
LogInit:  - LocalHostAddr = Default
LogInit:  - BufferSize = 65536
LogInit: WinSock: version 1.1 (2.2), MaxSocks=32767, MaxUdp=65467
LogInit: Build: ++UE4+Release-4.22-CL-7053642
LogInit: Engine Version: 4.22.3-7053642+++UE4+Release-4.22
LogInit: Compatible Engine Version: 4.22.0-5660361+++UE4+Release-4.22
LogInit: Net CL: 5660361
LogInit: OS: Windows 10 (Release 1903) (), CPU: Intel(R) Core(TM) i7-8650U CPU @ 1.90GHz, GPU: Intel(R) UHD Graphics 620
LogInit: Compiled (64-bit): Jun 18 2019 03:09:11
LogInit: Compiled with Visual C++: 19.16.27025.01
LogInit: Build Configuration: Development
LogInit: Branch Name: ++UE4+Release-4.22
LogInit: Command Line:  /Game/ThirdPersonCPP/Maps/ThirdPersonExampleMap -game -PIEVIACONSOLE -ResX=1280 -ResY=720 -Multiprocess -messaging -SessionName="Play in Standalone Game" -featureleveles2 -faketouches -MultiprocessSaveConfig -windowed
LogInit: Base Directory: C:/Program Files/Epic Games/UE_4.22/Engine/Binaries/Win64/
LogInit: Installed Engine Build: 1
LogDevObjectVersion: Number of dev versions registered: 23
LogDevObjectVersion:   Dev-Blueprints (B0D832E4-1F89-4F0D-ACCF-7EB736FD4AA2): 10
LogDevObjectVersion:   Dev-Build (E1C64328-A22C-4D53-A36C-8E866417BD8C): 0
LogDevObjectVersion:   Dev-Core (375EC13C-06E4-48FB-B500-84F0262A717E): 3
LogDevObjectVersion:   Dev-Editor (E4B068ED-F494-42E9-A231-DA0B2E46BB41): 30
LogDevObjectVersion:   Dev-Framework (CFFC743F-43B0-4480-9391-14DF171D2073): 35
LogDevObjectVersion:   Dev-Mobile (B02B49B5-BB20-44E9-A304-32B752E40360): 2
LogDevObjectVersion:   Dev-Networking (A4E4105C-59A1-49B5-A7C5-40C4547EDFEE): 0
LogDevObjectVersion:   Dev-Online (39C831C9-5AE6-47DC-9A44-9C173E1C8E7C): 0
LogDevObjectVersion:   Dev-Physics (78F01B33-EBEA-4F98-B9B4-84EACCB95AA2): 0
LogDevObjectVersion:   Dev-Platform (6631380F-2D4D-43E0-8009-CF276956A95A): 0
LogDevObjectVersion:   Dev-Rendering (12F88B9F-8875-4AFC-A67C-D90C383ABD29): 28
LogDevObjectVersion:   Dev-Sequencer (7B5AE74C-D270-4C10-A958-57980B212A5A): 11
LogDevObjectVersion:   Dev-VR (D7296918-1DD6-4BDD-9DE2-64A83CC13884): 2
LogDevObjectVersion:   Dev-LoadTimes (C2A15278-BFE7-4AFE-6C17-90FF531DF755): 1
LogDevObjectVersion:   Private-Geometry (6EACA3D4-40EC-4CC1-B786-8BED09428FC5): 3
LogDevObjectVersion:   Dev-AnimPhys (29E575DD-E0A3-4627-9D10-D276232CDCEA): 17
LogDevObjectVersion:   Dev-Anim (AF43A65D-7FD3-4947-9873-3E8ED9C1BB05): 2
LogDevObjectVersion:   Dev-ReflectionCapture (6B266CEC-1EC7-4B8F-A30B-E4D90942FC07): 1
LogDevObjectVersion:   Dev-Automation (0DF73D61-A23F-47EA-B727-89E90C41499A): 1
LogDevObjectVersion:   FortniteMain (601D1886-AC64-4F84-AA16-D3DE0DEAC7D6): 25
LogDevObjectVersion:   Dev-Enterprise (9DFFBCD6-494F-0158-E221-12823C92A888): 6
LogDevObjectVersion:   Dev-Niagara (F2AED0AC-9AFE-416F-8664-AA7FFA26D6FC): 1
LogDevObjectVersion:   Dev-Destruction (174F1F0B-B4C6-45A5-B13F-2EE8D0FB917D): 2
LogInit: Presizing for max 16777216 objects, including 0 objects not considered by GC, pre-allocating 0 bytes for permanent pool.
LogInit: Object subsystem initialized
LogConfig: Setting CVar [[con.DebugEarlyDefault:1]]
LogConfig: Setting CVar [[r.setres:1280x720]]
[2020.08.07-01.52.54:938][  0]LogConfig: Setting CVar [[con.DebugEarlyDefault:1]]
[2020.08.07-01.52.54:938][  0]LogConfig: Setting CVar [[r.setres:1280x720]]
[2020.08.07-01.52.54:939][  0]LogConfig: Applying CVar settings from Section [/Script/Engine.RendererSettings] File [D:/Unreal/PuzzlePlatform/Saved/Config/Windows/Engine.ini]
[2020.08.07-01.52.54:939][  0]LogConfig: Setting CVar [[r.GPUCrashDebugging:0]]
[2020.08.07-01.52.54:939][  0]LogConfig: Applying CVar settings from Section [/Script/Engine.RendererOverrideSettings] File [D:/Unreal/PuzzlePlatform/Saved/Config/Windows/Engine.ini]
[2020.08.07-01.52.54:939][  0]LogConfig: Applying CVar settings from Section [/Script/Engine.StreamingSettings] File [D:/Unreal/PuzzlePlatform/Saved/Config/Windows/Engine.ini]
[2020.08.07-01.52.54:939][  0]LogConfig: Setting CVar [[s.MinBulkDataSizeForAsyncLoading:131072]]
[2020.08.07-01.52.54:939][  0]LogConfig: Setting CVar [[s.AsyncLoadingThreadEnabled:0]]
[2020.08.07-01.52.54:939][  0]LogConfig: Setting CVar [[s.EventDrivenLoaderEnabled:1]]
[2020.08.07-01.52.54:939][  0]LogConfig: Setting CVar [[s.WarnIfTimeLimitExceeded:0]]
[2020.08.07-01.52.54:939][  0]LogConfig: Setting CVar [[s.TimeLimitExceededMultiplier:1.5]]
[2020.08.07-01.52.54:939][  0]LogConfig: Setting CVar [[s.TimeLimitExceededMinTime:0.005]]
[2020.08.07-01.52.54:939][  0]LogConfig: Setting CVar [[s.UseBackgroundLevelStreaming:1]]
[2020.08.07-01.52.54:939][  0]LogConfig: Setting CVar [[s.PriorityAsyncLoadingExtraTime:15.0]]
[2020.08.07-01.52.54:939][  0]LogConfig: Setting CVar [[s.LevelStreamingActorsUpdateTimeLimit:5.0]]
[2020.08.07-01.52.54:940][  0]LogConfig: Setting CVar [[s.PriorityLevelStreamingActorsUpdateExtraTime:5.0]]
[2020.08.07-01.52.54:940][  0]LogConfig: Setting CVar [[s.LevelStreamingComponentsRegistrationGranularity:10]]
[2020.08.07-01.52.54:940][  0]LogConfig: Setting CVar [[s.UnregisterComponentsTimeLimit:1.0]]
[2020.08.07-01.52.54:940][  0]LogConfig: Setting CVar [[s.LevelStreamingComponentsUnregistrationGranularity:5]]
[2020.08.07-01.52.54:940][  0]LogConfig: Applying CVar settings from Section [/Script/Engine.GarbageCollectionSettings] File [D:/Unreal/PuzzlePlatform/Saved/Config/Windows/Engine.ini]
[2020.08.07-01.52.54:940][  0]LogConfig: Setting CVar [[gc.MaxObjectsNotConsideredByGC:1]]
[2020.08.07-01.52.54:940][  0]LogConfig: Setting CVar [[gc.SizeOfPermanentObjectPool:0]]
[2020.08.07-01.52.54:940][  0]LogConfig: Setting CVar [[gc.FlushStreamingOnGC:0]]
[2020.08.07-01.52.54:940][  0]LogConfig: Setting CVar [[gc.NumRetriesBeforeForcingGC:10]]
[2020.08.07-01.52.54:940][  0]LogConfig: Setting CVar [[gc.AllowParallelGC:1]]
[2020.08.07-01.52.54:940][  0]LogConfig: Setting CVar [[gc.TimeBetweenPurgingPendingKillObjects:61.1]]
[2020.08.07-01.52.54:941][  0]LogConfig: Setting CVar [[gc.MaxObjectsInEditor:16777216]]
[2020.08.07-01.52.54:941][  0]LogConfig: Setting CVar [[gc.IncrementalBeginDestroyEnabled:1]]
[2020.08.07-01.52.54:941][  0]LogConfig: Setting CVar [[gc.CreateGCClusters:1]]
[2020.08.07-01.52.54:941][  0]LogConfig: Setting CVar [[gc.MinGCClusterSize:5]]
[2020.08.07-01.52.54:941][  0]LogConfig: Setting CVar [[gc.ActorClusteringEnabled:0]]
[2020.08.07-01.52.54:941][  0]LogConfig: Setting CVar [[gc.BlueprintClusteringEnabled:0]]
[2020.08.07-01.52.54:941][  0]LogConfig: Setting CVar [[gc.UseDisregardForGCOnDedicatedServers:0]]
[2020.08.07-01.52.54:941][  0]LogConfig: Applying CVar settings from Section [/Script/Engine.NetworkSettings] File [D:/Unreal/PuzzlePlatform/Saved/Config/Windows/Engine.ini]
[2020.08.07-01.52.54:942][  0]LogConfig: Applying CVar settings from Section [/Script/UnrealEd.CookerSettings] File [D:/Unreal/PuzzlePlatform/Saved/Config/Windows/Engine.ini]
[2020.08.07-01.52.54:953][  0]LogConfig: Applying CVar settings from Section [ViewDistanceQuality@3] File [D:/Unreal/PuzzlePlatform/Saved/Config/Windows/Scalability.ini]
[2020.08.07-01.52.54:953][  0]LogConfig: Setting CVar [[r.SkeletalMeshLODBias:0]]
[2020.08.07-01.52.54:953][  0]LogConfig: Setting CVar [[r.ViewDistanceScale:1.0]]
[2020.08.07-01.52.54:953][  0]LogConfig: Applying CVar settings from Section [AntiAliasingQuality@3] File [D:/Unreal/PuzzlePlatform/Saved/Config/Windows/Scalability.ini]
[2020.08.07-01.52.54:953][  0]LogConfig: Setting CVar [[r.PostProcessAAQuality:4]]
[2020.08.07-01.52.54:953][  0]LogConfig: Applying CVar settings from Section [ShadowQuality@3] File [D:/Unreal/PuzzlePlatform/Saved/Config/Windows/Scalability.ini]
[2020.08.07-01.52.54:953][  0]LogConfig: Setting CVar [[r.LightFunctionQuality:1]]
[2020.08.07-01.52.54:953][  0]LogConfig: Setting CVar [[r.ShadowQuality:5]]
[2020.08.07-01.52.54:953][  0]LogConfig: Setting CVar [[r.Shadow.CSM.MaxCascades:10]]
[2020.08.07-01.52.54:953][  0]LogConfig: Setting CVar [[r.Shadow.MaxResolution:2048]]
[2020.08.07-01.52.54:953][  0]LogConfig: Setting CVar [[r.Shadow.MaxCSMResolution:2048]]
[2020.08.07-01.52.54:953][  0]LogConfig: Setting CVar [[r.Shadow.RadiusThreshold:0.01]]
[2020.08.07-01.52.54:954][  0]LogConfig: Setting CVar [[r.Shadow.DistanceScale:1.0]]
[2020.08.07-01.52.54:954][  0]LogConfig: Setting CVar [[r.Shadow.CSM.TransitionScale:1.0]]
[2020.08.07-01.52.54:954][  0]LogConfig: Setting CVar [[r.Shadow.PreShadowResolutionFactor:1.0]]
[2020.08.07-01.52.54:954][  0]LogConfig: Setting CVar [[r.DistanceFieldShadowing:1]]
[2020.08.07-01.52.54:954][  0]LogConfig: Setting CVar [[r.DistanceFieldAO:1]]
[2020.08.07-01.52.54:954][  0]LogConfig: Setting CVar [[r.AOQuality:2]]
[2020.08.07-01.52.54:954][  0]LogConfig: Setting CVar [[r.VolumetricFog:1]]
[2020.08.07-01.52.54:954][  0]LogConfig: Setting CVar [[r.VolumetricFog.GridPixelSize:8]]
[2020.08.07-01.52.54:954][  0]LogConfig: Setting CVar [[r.VolumetricFog.GridSizeZ:128]]
[2020.08.07-01.52.54:954][  0]LogConfig: Setting CVar [[r.VolumetricFog.HistoryMissSupersampleCount:4]]
[2020.08.07-01.52.54:954][  0]LogConfig: Setting CVar [[r.LightMaxDrawDistanceScale:1]]
[2020.08.07-01.52.54:954][  0]LogConfig: Setting CVar [[r.CapsuleShadows:1]]
[2020.08.07-01.52.54:955][  0]LogConfig: Applying CVar settings from Section [PostProcessQuality@3] File [D:/Unreal/PuzzlePlatform/Saved/Config/Windows/Scalability.ini]
[2020.08.07-01.52.54:955][  0]LogConfig: Setting CVar [[r.MotionBlurQuality:4]]
[2020.08.07-01.52.54:955][  0]LogConfig: Setting CVar [[r.AmbientOcclusionMipLevelFactor:0.4]]
[2020.08.07-01.52.54:955][  0]LogConfig: Setting CVar [[r.AmbientOcclusionMaxQuality:100]]
[2020.08.07-01.52.54:955][  0]LogConfig: Setting CVar [[r.AmbientOcclusionLevels:-1]]
[2020.08.07-01.52.54:955][  0]LogConfig: Setting CVar [[r.AmbientOcclusionRadiusScale:1.0]]
[2020.08.07-01.52.54:955][  0]LogConfig: Setting CVar [[r.DepthOfFieldQuality:2]]
[2020.08.07-01.52.54:955][  0]LogConfig: Setting CVar [[r.RenderTargetPoolMin:400]]
[2020.08.07-01.52.54:955][  0]LogConfig: Setting CVar [[r.LensFlareQuality:2]]
[2020.08.07-01.52.54:955][  0]LogConfig: Setting CVar [[r.SceneColorFringeQuality:1]]
[2020.08.07-01.52.54:955][  0]LogConfig: Setting CVar [[r.EyeAdaptationQuality:2]]
[2020.08.07-01.52.54:955][  0]LogConfig: Setting CVar [[r.BloomQuality:5]]
[2020.08.07-01.52.54:955][  0]LogConfig: Setting CVar [[r.FastBlurThreshold:100]]
[2020.08.07-01.52.54:956][  0]LogConfig: Setting CVar [[r.Upscale.Quality:3]]
[2020.08.07-01.52.54:956][  0]LogConfig: Setting CVar [[r.Tonemapper.GrainQuantization:1]]
[2020.08.07-01.52.54:956][  0]LogConfig: Setting CVar [[r.LightShaftQuality:1]]
[2020.08.07-01.52.54:956][  0]LogConfig: Setting CVar [[r.Filter.SizeScale:1]]
[2020.08.07-01.52.54:956][  0]LogConfig: Setting CVar [[r.Tonemapper.Quality:5]]
[2020.08.07-01.52.54:956][  0]LogConfig: Setting CVar [[r.DOF.Gather.AccumulatorQuality:1        ; higher gathering accumulator quality]]
[2020.08.07-01.52.54:956][  0]LogConfig: Setting CVar [[r.DOF.Gather.PostfilterMethod:1          ; Median3x3 postfilering method]]
[2020.08.07-01.52.54:956][  0]LogConfig: Setting CVar [[r.DOF.Gather.EnableBokehSettings:0       ; no bokeh simulation when gathering]]
[2020.08.07-01.52.54:956][  0]LogConfig: Setting CVar [[r.DOF.Gather.RingCount:4                 ; medium number of samples when gathering]]
[2020.08.07-01.52.54:956][  0]LogConfig: Setting CVar [[r.DOF.Scatter.ForegroundCompositing:1    ; additive foreground scattering]]
[2020.08.07-01.52.54:956][  0]LogConfig: Setting CVar [[r.DOF.Scatter.BackgroundCompositing:2    ; additive background scattering]]
[2020.08.07-01.52.54:956][  0]LogConfig: Setting CVar [[r.DOF.Scatter.EnableBokehSettings:1      ; bokeh simulation when scattering]]
[2020.08.07-01.52.54:957][  0]LogConfig: Setting CVar [[r.DOF.Scatter.MaxSpriteRatio:0.1         ; only a maximum of 10% of scattered bokeh]]
[2020.08.07-01.52.54:957][  0]LogConfig: Setting CVar [[r.DOF.Recombine.Quality:1                ; cheap slight out of focus]]
[2020.08.07-01.52.54:957][  0]LogConfig: Setting CVar [[r.DOF.Recombine.EnableBokehSettings:0    ; no bokeh simulation on slight out of focus]]
[2020.08.07-01.52.54:957][  0]LogConfig: Setting CVar [[r.DOF.TemporalAAQuality:1                ; more stable temporal accumulation]]
[2020.08.07-01.52.54:957][  0]LogConfig: Setting CVar [[r.DOF.Kernel.MaxForegroundRadius:0.025]]
[2020.08.07-01.52.54:957][  0]LogConfig: Setting CVar [[r.DOF.Kernel.MaxBackgroundRadius:0.025]]
[2020.08.07-01.52.54:957][  0]LogConfig: Applying CVar settings from Section [TextureQuality@3] File [D:/Unreal/PuzzlePlatform/Saved/Config/Windows/Scalability.ini]
[2020.08.07-01.52.54:957][  0]LogConfig: Setting CVar [[r.Streaming.MipBias:0]]
[2020.08.07-01.52.54:957][  0]LogConfig: Setting CVar [[r.Streaming.AmortizeCPUToGPUCopy:0]]
[2020.08.07-01.52.54:957][  0]LogConfig: Setting CVar [[r.Streaming.MaxNumTexturesToStreamPerFrame:0]]
[2020.08.07-01.52.54:958][  0]LogConfig: Setting CVar [[r.Streaming.Boost:1]]
[2020.08.07-01.52.54:958][  0]LogConfig: Setting CVar [[r.MaxAnisotropy:8]]
[2020.08.07-01.52.54:958][  0]LogConfig: Setting CVar [[r.Streaming.LimitPoolSizeToVRAM:0]]
[2020.08.07-01.52.54:958][  0]LogConfig: Setting CVar [[r.Streaming.PoolSize:1000]]
[2020.08.07-01.52.54:958][  0]LogConfig: Setting CVar [[r.Streaming.MaxEffectiveScreenSize:0]]
[2020.08.07-01.52.54:958][  0]LogConfig: Applying CVar settings from Section [EffectsQuality@3] File [D:/Unreal/PuzzlePlatform/Saved/Config/Windows/Scalability.ini]
[2020.08.07-01.52.54:958][  0]LogConfig: Setting CVar [[r.TranslucencyLightingVolumeDim:64]]
[2020.08.07-01.52.54:958][  0]LogConfig: Setting CVar [[r.RefractionQuality:2]]
[2020.08.07-01.52.54:958][  0]LogConfig: Setting CVar [[r.SSR.Quality:3]]
[2020.08.07-01.52.54:958][  0]LogConfig: Setting CVar [[r.SceneColorFormat:4]]
[2020.08.07-01.52.54:958][  0]LogConfig: Setting CVar [[r.DetailMode:2]]
[2020.08.07-01.52.54:958][  0]LogConfig: Setting CVar [[r.TranslucencyVolumeBlur:1]]
[2020.08.07-01.52.54:958][  0]LogConfig: Setting CVar [[r.MaterialQualityLevel:1 ; High quality]]
[2020.08.07-01.52.54:958][  0]LogConfig: Setting CVar [[r.SSS.Scale:1]]
[2020.08.07-01.52.54:959][  0]LogConfig: Setting CVar [[r.SSS.SampleSet:2]]
[2020.08.07-01.52.54:959][  0]LogConfig: Setting CVar [[r.SSS.Quality:1]]
[2020.08.07-01.52.54:959][  0]LogConfig: Setting CVar [[r.SSS.HalfRes:1]]
[2020.08.07-01.52.54:959][  0]LogConfig: Setting CVar [[r.EmitterSpawnRateScale:1.0]]
[2020.08.07-01.52.54:959][  0]LogConfig: Setting CVar [[r.ParticleLightQuality:2]]
[2020.08.07-01.52.54:959][  0]LogConfig: Applying CVar settings from Section [FoliageQuality@3] File [D:/Unreal/PuzzlePlatform/Saved/Config/Windows/Scalability.ini]
[2020.08.07-01.52.54:959][  0]LogConfig: Setting CVar [[foliage.DensityScale:1.0]]
[2020.08.07-01.52.54:959][  0]LogConfig: Setting CVar [[grass.DensityScale:1.0]]
[2020.08.07-01.52.54:959][  0]LogInit: Selected Device Profile: [Windows]
[2020.08.07-01.52.54:959][  0]LogInit: Applying CVar settings loaded from the selected device profile: [Windows]
[2020.08.07-01.52.54:982][  0]LogHAL: Display: Platform has ~ 16 GB [17097412608 / 17179869184 / 16], which maps to Larger [LargestMinGB=32, LargerMinGB=12, DefaultMinGB=8, SmallerMinGB=6, SmallestMinGB=0)
[2020.08.07-01.52.54:982][  0]LogConfig: Setting CVar [[r.Vulkan.UseRealUBs:0		; Required until we fix HLR fall-out]]
[2020.08.07-01.52.54:982][  0]LogInit: Going up to parent DeviceProfile []
[2020.08.07-01.52.54:982][  0]LogConfig: Applying CVar settings from Section [ViewDistanceQuality@3] File [D:/Unreal/PuzzlePlatform/Saved/Config/Windows/Scalability.ini]
[2020.08.07-01.52.54:982][  0]LogConfig: Setting CVar [[r.SkeletalMeshLODBias:0]]
[2020.08.07-01.52.54:982][  0]LogConfig: Setting CVar [[r.ViewDistanceScale:1.0]]
[2020.08.07-01.52.54:982][  0]LogConfig: Applying CVar settings from Section [AntiAliasingQuality@3] File [D:/Unreal/PuzzlePlatform/Saved/Config/Windows/Scalability.ini]
[2020.08.07-01.52.54:982][  0]LogConfig: Setting CVar [[r.PostProcessAAQuality:4]]
[2020.08.07-01.52.54:982][  0]LogConfig: Applying CVar settings from Section [ShadowQuality@3] File [D:/Unreal/PuzzlePlatform/Saved/Config/Windows/Scalability.ini]
[2020.08.07-01.52.54:983][  0]LogConfig: Setting CVar [[r.LightFunctionQuality:1]]
[2020.08.07-01.52.54:983][  0]LogConfig: Setting CVar [[r.ShadowQuality:5]]
[2020.08.07-01.52.54:983][  0]LogConfig: Setting CVar [[r.Shadow.CSM.MaxCascades:10]]
[2020.08.07-01.52.54:983][  0]LogConfig: Setting CVar [[r.Shadow.MaxResolution:2048]]
[2020.08.07-01.52.54:983][  0]LogConfig: Setting CVar [[r.Shadow.MaxCSMResolution:2048]]
[2020.08.07-01.52.54:983][  0]LogConfig: Setting CVar [[r.Shadow.RadiusThreshold:0.01]]
[2020.08.07-01.52.54:983][  0]LogConfig: Setting CVar [[r.Shadow.DistanceScale:1.0]]
[2020.08.07-01.52.54:983][  0]LogConfig: Setting CVar [[r.Shadow.CSM.TransitionScale:1.0]]
[2020.08.07-01.52.54:983][  0]LogConfig: Setting CVar [[r.Shadow.PreShadowResolutionFactor:1.0]]
[2020.08.07-01.52.54:983][  0]LogConfig: Setting CVar [[r.DistanceFieldShadowing:1]]
[2020.08.07-01.52.54:983][  0]LogConfig: Setting CVar [[r.DistanceFieldAO:1]]
[2020.08.07-01.52.54:983][  0]LogConfig: Setting CVar [[r.AOQuality:2]]
[2020.08.07-01.52.54:983][  0]LogConfig: Setting CVar [[r.VolumetricFog:1]]
[2020.08.07-01.52.54:983][  0]LogConfig: Setting CVar [[r.VolumetricFog.GridPixelSize:8]]
[2020.08.07-01.52.54:984][  0]LogConfig: Setting CVar [[r.VolumetricFog.GridSizeZ:128]]
[2020.08.07-01.52.54:984][  0]LogConfig: Setting CVar [[r.VolumetricFog.HistoryMissSupersampleCount:4]]
[2020.08.07-01.52.54:984][  0]LogConfig: Setting CVar [[r.LightMaxDrawDistanceScale:1]]
[2020.08.07-01.52.54:984][  0]LogConfig: Setting CVar [[r.CapsuleShadows:1]]
[2020.08.07-01.52.54:984][  0]LogConfig: Applying CVar settings from Section [PostProcessQuality@3] File [D:/Unreal/PuzzlePlatform/Saved/Config/Windows/Scalability.ini]
[2020.08.07-01.52.54:984][  0]LogConfig: Setting CVar [[r.MotionBlurQuality:4]]
[2020.08.07-01.52.54:984][  0]LogConfig: Setting CVar [[r.AmbientOcclusionMipLevelFactor:0.4]]
[2020.08.07-01.52.54:984][  0]LogConfig: Setting CVar [[r.AmbientOcclusionMaxQuality:100]]
[2020.08.07-01.52.54:984][  0]LogConfig: Setting CVar [[r.AmbientOcclusionLevels:-1]]
[2020.08.07-01.52.54:984][  0]LogConfig: Setting CVar [[r.AmbientOcclusionRadiusScale:1.0]]
[2020.08.07-01.52.54:985][  0]LogConfig: Setting CVar [[r.DepthOfFieldQuality:2]]
[2020.08.07-01.52.54:985][  0]LogConfig: Setting CVar [[r.RenderTargetPoolMin:400]]
[2020.08.07-01.52.54:985][  0]LogConfig: Setting CVar [[r.LensFlareQuality:2]]
[2020.08.07-01.52.54:985][  0]LogConfig: Setting CVar [[r.SceneColorFringeQuality:1]]
[2020.08.07-01.52.54:985][  0]LogConfig: Setting CVar [[r.EyeAdaptationQuality:2]]
[2020.08.07-01.52.54:985][  0]LogConfig: Setting CVar [[r.BloomQuality:5]]
[2020.08.07-01.52.54:985][  0]LogConfig: Setting CVar [[r.FastBlurThreshold:100]]
[2020.08.07-01.52.54:985][  0]LogConfig: Setting CVar [[r.Upscale.Quality:3]]
[2020.08.07-01.52.54:985][  0]LogConfig: Setting CVar [[r.Tonemapper.GrainQuantization:1]]
[2020.08.07-01.52.54:985][  0]LogConfig: Setting CVar [[r.LightShaftQuality:1]]
[2020.08.07-01.52.54:985][  0]LogConfig: Setting CVar [[r.Filter.SizeScale:1]]
[2020.08.07-01.52.54:985][  0]LogConfig: Setting CVar [[r.Tonemapper.Quality:5]]
[2020.08.07-01.52.54:985][  0]LogConfig: Setting CVar [[r.DOF.Gather.AccumulatorQuality:1        ; higher gathering accumulator quality]]
[2020.08.07-01.52.54:985][  0]LogConfig: Setting CVar [[r.DOF.Gather.PostfilterMethod:1          ; Median3x3 postfilering method]]
[2020.08.07-01.52.54:985][  0]LogConfig: Setting CVar [[r.DOF.Gather.EnableBokehSettings:0       ; no bokeh simulation when gathering]]
[2020.08.07-01.52.54:985][  0]LogConfig: Setting CVar [[r.DOF.Gather.RingCount:4                 ; medium number of samples when gathering]]
[2020.08.07-01.52.54:986][  0]LogConfig: Setting CVar [[r.DOF.Scatter.ForegroundCompositing:1    ; additive foreground scattering]]
[2020.08.07-01.52.54:986][  0]LogConfig: Setting CVar [[r.DOF.Scatter.BackgroundCompositing:2    ; additive background scattering]]
[2020.08.07-01.52.54:986][  0]LogConfig: Setting CVar [[r.DOF.Scatter.EnableBokehSettings:1      ; bokeh simulation when scattering]]
[2020.08.07-01.52.54:986][  0]LogConfig: Setting CVar [[r.DOF.Scatter.MaxSpriteRatio:0.1         ; only a maximum of 10% of scattered bokeh]]
[2020.08.07-01.52.54:986][  0]LogConfig: Setting CVar [[r.DOF.Recombine.Quality:1                ; cheap slight out of focus]]
[2020.08.07-01.52.54:986][  0]LogConfig: Setting CVar [[r.DOF.Recombine.EnableBokehSettings:0    ; no bokeh simulation on slight out of focus]]
[2020.08.07-01.52.54:986][  0]LogConfig: Setting CVar [[r.DOF.TemporalAAQuality:1                ; more stable temporal accumulation]]
[2020.08.07-01.52.54:986][  0]LogConfig: Setting CVar [[r.DOF.Kernel.MaxForegroundRadius:0.025]]
[2020.08.07-01.52.54:986][  0]LogConfig: Setting CVar [[r.DOF.Kernel.MaxBackgroundRadius:0.025]]
[2020.08.07-01.52.54:986][  0]LogConfig: Applying CVar settings from Section [TextureQuality@3] File [D:/Unreal/PuzzlePlatform/Saved/Config/Windows/Scalability.ini]
[2020.08.07-01.52.54:986][  0]LogConfig: Setting CVar [[r.Streaming.MipBias:0]]
[2020.08.07-01.52.54:986][  0]LogConfig: Setting CVar [[r.Streaming.AmortizeCPUToGPUCopy:0]]
[2020.08.07-01.52.54:986][  0]LogConfig: Setting CVar [[r.Streaming.MaxNumTexturesToStreamPerFrame:0]]
[2020.08.07-01.52.54:986][  0]LogConfig: Setting CVar [[r.Streaming.Boost:1]]
[2020.08.07-01.52.54:986][  0]LogConfig: Setting CVar [[r.MaxAnisotropy:8]]
[2020.08.07-01.52.54:986][  0]LogConfig: Setting CVar [[r.Streaming.LimitPoolSizeToVRAM:0]]
[2020.08.07-01.52.54:987][  0]LogConfig: Setting CVar [[r.Streaming.PoolSize:1000]]
[2020.08.07-01.52.54:987][  0]LogConfig: Setting CVar [[r.Streaming.MaxEffectiveScreenSize:0]]
[2020.08.07-01.52.54:987][  0]LogConfig: Applying CVar settings from Section [EffectsQuality@3] File [D:/Unreal/PuzzlePlatform/Saved/Config/Windows/Scalability.ini]
[2020.08.07-01.52.54:987][  0]LogConfig: Setting CVar [[r.TranslucencyLightingVolumeDim:64]]
[2020.08.07-01.52.54:987][  0]LogConfig: Setting CVar [[r.RefractionQuality:2]]
[2020.08.07-01.52.54:987][  0]LogConfig: Setting CVar [[r.SSR.Quality:3]]
[2020.08.07-01.52.54:987][  0]LogConfig: Setting CVar [[r.SceneColorFormat:4]]
[2020.08.07-01.52.54:987][  0]LogConfig: Setting CVar [[r.DetailMode:2]]
[2020.08.07-01.52.54:987][  0]LogConfig: Setting CVar [[r.TranslucencyVolumeBlur:1]]
[2020.08.07-01.52.54:987][  0]LogConfig: Setting CVar [[r.MaterialQualityLevel:1 ; High quality]]
[2020.08.07-01.52.54:987][  0]LogConfig: Setting CVar [[r.SSS.Scale:1]]
[2020.08.07-01.52.54:987][  0]LogConfig: Setting CVar [[r.SSS.SampleSet:2]]
[2020.08.07-01.52.54:988][  0]LogConfig: Setting CVar [[r.SSS.Quality:1]]
[2020.08.07-01.52.54:988][  0]LogConfig: Setting CVar [[r.SSS.HalfRes:1]]
[2020.08.07-01.52.54:988][  0]LogConfig: Setting CVar [[r.EmitterSpawnRateScale:1.0]]
[2020.08.07-01.52.54:988][  0]LogConfig: Setting CVar [[r.ParticleLightQuality:2]]
[2020.08.07-01.52.54:988][  0]LogConfig: Applying CVar settings from Section [FoliageQuality@3] File [D:/Unreal/PuzzlePlatform/Saved/Config/Windows/Scalability.ini]
[2020.08.07-01.52.54:988][  0]LogConfig: Setting CVar [[foliage.DensityScale:1.0]]
[2020.08.07-01.52.54:988][  0]LogConfig: Setting CVar [[grass.DensityScale:1.0]]
[2020.08.07-01.52.54:988][  0]LogConfig: Applying CVar settings from Section [Startup] File [../../../Engine/Config/ConsoleVariables.ini]
[2020.08.07-01.52.54:990][  0]LogConfig: Setting CVar [[net.UseAdaptiveNetUpdateFrequency:0]]
[2020.08.07-01.52.54:990][  0]LogConfig: Setting CVar [[p.chaos.AllowCreatePhysxBodies:1]]
[2020.08.07-01.52.54:990][  0]LogConfig: Applying CVar settings from Section [ConsoleVariables] File [D:/Unreal/PuzzlePlatform/Saved/Config/Windows/Engine.ini]
[2020.08.07-01.52.54:990][  0]LogInit: Computer: DESKTOP-ONVDLU9
[2020.08.07-01.52.54:990][  0]LogInit: User: milto
[2020.08.07-01.52.54:990][  0]LogInit: CPU Page size=4096, Cores=4
[2020.08.07-01.52.54:990][  0]LogInit: High frequency timer resolution =10.000000 MHz
[2020.08.07-01.52.54:991][  0]LogMemory: Memory total: Physical=15.9GB (16GB approx)
[2020.08.07-01.52.54:992][  0]LogMemory: Platform Memory Stats for Windows
[2020.08.07-01.52.54:992][  0]LogMemory: Process Physical Memory: 96.68 MB used, 96.68 MB peak
[2020.08.07-01.52.54:992][  0]LogMemory: Process Virtual Memory: 88.93 MB used, 88.93 MB peak
[2020.08.07-01.52.54:992][  0]LogMemory: Physical Memory: 6085.54 MB used,  10219.82 MB free, 16305.36 MB total
[2020.08.07-01.52.54:992][  0]LogMemory: Virtual Memory: 4642.28 MB used,  134213088.00 MB free, 134217728.00 MB total
[2020.08.07-01.52.55:028][  0]LogInit: Using OS detected language (en-US).
[2020.08.07-01.52.55:028][  0]LogInit: Using OS detected locale (en-US).
[2020.08.07-01.52.55:028][  0]LogTextLocalizationManager: No specific localization for 'en-US' exists, so the 'en' localization will be used.
[2020.08.07-01.52.55:431][  0]LogSlate: New Slate User Created.  User Index 0, Is Virtual User: 0
[2020.08.07-01.52.55:431][  0]LogSlate: Slate User Registered.  User Index 0, Is Virtual User: 0
[2020.08.07-01.52.55:490][  0]LogHMD: Failed to initialize OpenVR with code 110
[2020.08.07-01.52.55:490][  0]LogD3D11RHI: D3D11 adapters:
[2020.08.07-01.52.55:571][  0]LogD3D11RHI:    0. 'NVIDIA GeForce GTX 1060' (Feature Level 11_0)
[2020.08.07-01.52.55:571][  0]LogD3D11RHI:       6054/0/8152 MB DedicatedVideo/DedicatedSystem/SharedSystem, Outputs:1, VendorId:0x10de
[2020.08.07-01.52.55:593][  0]LogD3D11RHI:    1. 'Intel(R) UHD Graphics 620' (Feature Level 11_0)
[2020.08.07-01.52.55:593][  0]LogD3D11RHI:       128/0/8152 MB DedicatedVideo/DedicatedSystem/SharedSystem, Outputs:0, VendorId:0x8086
[2020.08.07-01.52.55:595][  0]LogD3D11RHI:    2. 'Microsoft Basic Render Driver' (Feature Level 11_0)
[2020.08.07-01.52.55:595][  0]LogD3D11RHI:       0/0/8152 MB DedicatedVideo/DedicatedSystem/SharedSystem, Outputs:0, VendorId:0x1414
[2020.08.07-01.52.55:595][  0]LogD3D11RHI: Chosen D3D11 Adapter: 0
[2020.08.07-01.52.55:636][  0]LogD3D11RHI: Creating new Direct3DDevice
[2020.08.07-01.52.55:636][  0]LogD3D11RHI:     GPU DeviceId: 0x1c20 (for the marketing name, search the web for "GPU Device Id")
[2020.08.07-01.52.55:636][  0]LogWindows: EnumDisplayDevices:
[2020.08.07-01.52.55:636][  0]LogWindows:    0. 'Intel(R) UHD Graphics 620' (P:1 D:1)
[2020.08.07-01.52.55:636][  0]LogWindows:    1. 'Intel(R) UHD Graphics 620' (P:0 D:0)
[2020.08.07-01.52.55:636][  0]LogWindows:    2. 'Intel(R) UHD Graphics 620' (P:0 D:0)
[2020.08.07-01.52.55:637][  0]LogWindows: DebugString: PrimaryIsNotTheChoosenAdapter PrimaryIsNotTheChoosenAdapter PrimaryIsNotTheChoosenAdapter FoundDriverCount:0 
[2020.08.07-01.52.55:637][  0]LogD3D11RHI:     Adapter Name: NVIDIA GeForce GTX 1060
[2020.08.07-01.52.55:637][  0]LogD3D11RHI:   Driver Version: Unknown (internal:Unknown, unified:Unknown)
[2020.08.07-01.52.55:637][  0]LogD3D11RHI:      Driver Date: Unknown
[2020.08.07-01.52.55:637][  0]LogRHI: Texture pool is 4237 MB (70% of 6054 MB)
[2020.08.07-01.52.55:683][  0]LogD3D11RHI: Async texture creation enabled
[2020.08.07-01.52.55:687][  0]LogRendererCore: FGlobalReadBuffer::InitRHI
[2020.08.07-01.52.55:688][  0]LogRendererCore: FGlobalReadBuffer::InitRHI
[2020.08.07-01.52.55:688][  0]LogRendererCore: FGlobalReadBuffer::InitRHI
[2020.08.07-01.52.55:700][  0]LogD3D11RHI: GPU Timing Frequency: 1000.000000 (Debug: 2 1)
[2020.08.07-01.52.56:055][  0]LogTemp: Display: Module 'WindowsClientTargetPlatform' loaded TargetPlatform 'WindowsClient'
[2020.08.07-01.52.56:073][  0]LogTemp: Display: Module 'WindowsNoEditorTargetPlatform' loaded TargetPlatform 'WindowsNoEditor'
[2020.08.07-01.52.56:088][  0]LogTemp: Display: Module 'WindowsServerTargetPlatform' loaded TargetPlatform 'WindowsServer'
[2020.08.07-01.52.56:094][  0]LogTemp: Display: Module 'WindowsTargetPlatform' loaded TargetPlatform 'Windows'
[2020.08.07-01.52.56:094][  0]LogTargetPlatformManager: Display: Building Assets For Windows
[2020.08.07-01.52.56:103][  0]LogAudioDebug: Display: Lib vorbis DLL was dynamically loaded.
[2020.08.07-01.52.56:151][  0]LogShaderCompilers: Guid format shader working directory is 21 characters bigger than the processId version (D:/Unreal/PuzzlePlatform/Intermediate/Shaders/WorkingDirectory/16968/).
[2020.08.07-01.52.56:151][  0]LogShaderCompilers: Cleaned the shader compiler working directory 'C:/Users/milto/AppData/Local/Temp/UnrealShaderWorkingDir/AEE496064F5C26FFBB231BA399B1766E/'.
[2020.08.07-01.52.56:153][  0]LogXGEController: Cannot use XGE Controller as Incredibuild is not installed on this machine.
[2020.08.07-01.52.56:153][  0]LogShaderCompilers: Cannot use XGE Shader Compiler as Incredibuild is not installed on this machine.
[2020.08.07-01.52.56:153][  0]LogShaderCompilers: Display: Using Local Shader Compiler.
[2020.08.07-01.52.56:578][  0]LogDerivedDataCache: Display: Max Cache Size: 512 MB
[2020.08.07-01.52.56:638][  0]LogDerivedDataCache: Loaded boot cache 0.06s 75MB C:/Users/milto/AppData/Local/UnrealEngine/4.22/DerivedDataCache/Boot.ddc.
[2020.08.07-01.52.56:638][  0]LogDerivedDataCache: Display: Loaded Boot cache: C:/Users/milto/AppData/Local/UnrealEngine/4.22/DerivedDataCache/Boot.ddc
[2020.08.07-01.52.56:638][  0]LogDerivedDataCache: FDerivedDataBackendGraph:  Pak pak cache file D:/Unreal/PuzzlePlatform/DerivedDataCache/DDC.ddp not found, will not use a pak cache.
[2020.08.07-01.52.56:638][  0]LogDerivedDataCache: Unable to find inner node Pak for hierarchical cache Hierarchy.
[2020.08.07-01.52.56:638][  0]LogDerivedDataCache: FDerivedDataBackendGraph:  CompressedPak pak cache file D:/Unreal/PuzzlePlatform/DerivedDataCache/Compressed.ddp not found, will not use a pak cache.
[2020.08.07-01.52.56:638][  0]LogDerivedDataCache: Unable to find inner node CompressedPak for hierarchical cache Hierarchy.
[2020.08.07-01.52.56:651][  0]LogDerivedDataCache: Display: Pak cache opened for reading ../../../Engine/DerivedDataCache/Compressed.ddp.
[2020.08.07-01.52.56:651][  0]LogDerivedDataCache: FDerivedDataBackendGraph:  EnterprisePak pak cache file ../../../Enterprise/DerivedDataCache/Compressed.ddp not found, will not use a pak cache.
[2020.08.07-01.52.56:651][  0]LogDerivedDataCache: Unable to find inner node EnterprisePak for hierarchical cache Hierarchy.
[2020.08.07-01.52.56:663][  0]LogDerivedDataCache: Using Local data cache path C:/Users/milto/AppData/Local/UnrealEngine/Common/DerivedDataCache: Writable
[2020.08.07-01.52.56:663][  0]LogDerivedDataCache: Shared data cache path not found in *engine.ini, will not use an Shared cache.
[2020.08.07-01.52.56:663][  0]LogDerivedDataCache: Unable to find inner node Shared for hierarchical cache Hierarchy.
[2020.08.07-01.52.56:665][  0]LogMaterial: Verifying Global Shaders for PCD3D_ES2
[2020.08.07-01.52.56:979][  0]LogSlate: Using FreeType 2.6.0
[2020.08.07-01.52.56:979][  0]LogSlate: SlateFontServices - WITH_FREETYPE: 1, WITH_HARFBUZZ: 1
[2020.08.07-01.53.10:828][  0]LogShaderCompilers: Display: Shaders left to compile 570
[2020.08.07-01.53.10:828][  0]LogShaderCompilers: Display: Shaders left to compile 560
[2020.08.07-01.53.10:828][  0]LogShaderCompilers: Display: Shaders left to compile 550
[2020.08.07-01.53.10:828][  0]LogShaderCompilers: Display: Shaders left to compile 540
[2020.08.07-01.53.10:828][  0]LogShaderCompilers: Display: Shaders left to compile 530
[2020.08.07-01.53.10:828][  0]LogShaderCompilers: Display: Shaders left to compile 520
[2020.08.07-01.53.10:828][  0]LogShaderCompilers: Display: Shaders left to compile 510
[2020.08.07-01.53.10:828][  0]LogShaderCompilers: Display: Shaders left to compile 500
[2020.08.07-01.53.10:828][  0]LogShaderCompilers: Display: Shaders left to compile 490
[2020.08.07-01.53.10:828][  0]LogShaderCompilers: Display: Shaders left to compile 480
[2020.08.07-01.53.10:828][  0]LogShaderCompilers: Display: Shaders left to compile 470
[2020.08.07-01.53.10:828][  0]LogShaderCompilers: Display: Shaders left to compile 460
[2020.08.07-01.53.10:829][  0]LogShaderCompilers: Display: Shaders left to compile 450
[2020.08.07-01.53.10:829][  0]LogShaderCompilers: Display: Shaders left to compile 440
[2020.08.07-01.53.10:829][  0]LogShaderCompilers: Display: Shaders left to compile 430
[2020.08.07-01.53.10:829][  0]LogShaderCompilers: Display: Shaders left to compile 420
[2020.08.07-01.53.10:829][  0]LogShaderCompilers: Display: Shaders left to compile 410
[2020.08.07-01.53.10:829][  0]LogShaderCompilers: Display: Shaders left to compile 400
[2020.08.07-01.53.10:829][  0]LogShaderCompilers: Display: Shaders left to compile 390
[2020.08.07-01.53.10:829][  0]LogShaderCompilers: Display: Shaders left to compile 380
[2020.08.07-01.53.10:829][  0]LogShaderCompilers: Display: Shaders left to compile 370
[2020.08.07-01.53.10:829][  0]LogShaderCompilers: Display: Shaders left to compile 360
[2020.08.07-01.53.10:829][  0]LogShaderCompilers: Display: Shaders left to compile 350
[2020.08.07-01.53.10:829][  0]LogShaderCompilers: Display: Shaders left to compile 340
[2020.08.07-01.53.10:829][  0]LogShaderCompilers: Display: Shaders left to compile 330
[2020.08.07-01.53.10:829][  0]LogShaderCompilers: Display: Shaders left to compile 320
[2020.08.07-01.53.10:829][  0]LogShaderCompilers: Display: Shaders left to compile 310
[2020.08.07-01.53.10:829][  0]LogShaderCompilers: Display: Shaders left to compile 300
[2020.08.07-01.53.10:829][  0]LogShaderCompilers: Display: Shaders left to compile 290
[2020.08.07-01.53.10:829][  0]LogShaderCompilers: Display: Shaders left to compile 280
[2020.08.07-01.53.10:829][  0]LogShaderCompilers: Display: Shaders left to compile 270
[2020.08.07-01.53.10:829][  0]LogShaderCompilers: Display: Shaders left to compile 260
[2020.08.07-01.53.10:829][  0]LogShaderCompilers: Display: Shaders left to compile 250
[2020.08.07-01.53.10:829][  0]LogShaderCompilers: Display: Shaders left to compile 240
[2020.08.07-01.53.10:829][  0]LogShaderCompilers: Display: Shaders left to compile 230
[2020.08.07-01.53.10:829][  0]LogShaderCompilers: Display: Shaders left to compile 220
[2020.08.07-01.53.10:829][  0]LogShaderCompilers: Display: Shaders left to compile 210
[2020.08.07-01.53.10:829][  0]LogShaderCompilers: Display: Shaders left to compile 200
[2020.08.07-01.53.10:829][  0]LogShaderCompilers: Display: Shaders left to compile 190
[2020.08.07-01.53.10:829][  0]LogShaderCompilers: Display: Shaders left to compile 180
[2020.08.07-01.53.10:829][  0]LogShaderCompilers: Display: Shaders left to compile 170
[2020.08.07-01.53.10:829][  0]LogShaderCompilers: Display: Shaders left to compile 160
[2020.08.07-01.53.10:829][  0]LogShaderCompilers: Display: Shaders left to compile 150
[2020.08.07-01.53.10:829][  0]LogShaderCompilers: Display: Shaders left to compile 140
[2020.08.07-01.53.10:829][  0]LogShaderCompilers: Display: Shaders left to compile 130
[2020.08.07-01.53.10:829][  0]LogShaderCompilers: Display: Shaders left to compile 120
[2020.08.07-01.53.10:829][  0]LogShaderCompilers: Display: Shaders left to compile 110
[2020.08.07-01.53.10:829][  0]LogShaderCompilers: Display: Shaders left to compile 100
[2020.08.07-01.53.10:829][  0]LogShaderCompilers: Display: Shaders left to compile 90
[2020.08.07-01.53.10:829][  0]LogShaderCompilers: Display: Shaders left to compile 80
[2020.08.07-01.53.10:829][  0]LogShaderCompilers: Display: Shaders left to compile 70
[2020.08.07-01.53.10:829][  0]LogShaderCompilers: Display: Shaders left to compile 60
[2020.08.07-01.53.10:829][  0]LogShaderCompilers: Display: Shaders left to compile 50
[2020.08.07-01.53.10:829][  0]LogShaderCompilers: Display: Shaders left to compile 40
[2020.08.07-01.53.10:829][  0]LogShaderCompilers: Display: Shaders left to compile 30
[2020.08.07-01.53.10:829][  0]LogShaderCompilers: Display: Shaders left to compile 20
[2020.08.07-01.53.10:829][  0]LogShaderCompilers: Display: Shaders left to compile 10
[2020.08.07-01.53.10:829][  0]LogInit: Using OS detected language (en-US).
[2020.08.07-01.53.10:829][  0]LogInit: Using OS detected locale (en-US).
[2020.08.07-01.53.10:829][  0]LogTextLocalizationManager: No localization for 'en-US' exists, so 'en' will be used for the language.
[2020.08.07-01.53.10:829][  0]LogTextLocalizationManager: No localization for 'en-US' exists, so 'en' will be used for the locale.
[2020.08.07-01.53.10:829][  0]LogSlate: FontCache flush requested. Reason: Culture for localization was changed
[2020.08.07-01.53.10:829][  0]LogSlate: FontCache flush requested. Reason: Culture for localization was changed
[2020.08.07-01.53.10:831][  0]LogTextLocalizationManager: Compacting localization data took   0.00ms
[2020.08.07-01.53.10:839][  0]LogAssetRegistry: FAssetRegistry took 0.0047 seconds to start up
[2020.08.07-01.53.11:073][  0]LogPackageLocalizationCache: Processed 10 localized package path(s) for 1 prioritized culture(s) in 0.000570 seconds
[2020.08.07-01.53.11:200][  0]LogInit: Selected Device Profile: [Windows]
[2020.08.07-01.53.11:256][  0]LogMaterial: Display: Missing cached shader map for material WorldGridMaterial, compiling. Is special engine material.
[2020.08.07-01.53.50:831][  0]LogShaderCompilers: Display: Shaders left to compile 620
[2020.08.07-01.53.50:831][  0]LogShaderCompilers: Display: Shaders left to compile 610
[2020.08.07-01.53.50:831][  0]LogShaderCompilers: Display: Shaders left to compile 600
[2020.08.07-01.53.50:831][  0]LogShaderCompilers: Display: Shaders left to compile 590
[2020.08.07-01.53.50:831][  0]LogShaderCompilers: Display: Shaders left to compile 580
[2020.08.07-01.53.50:831][  0]LogShaderCompilers: Display: Shaders left to compile 570
[2020.08.07-01.53.50:831][  0]LogShaderCompilers: Display: Shaders left to compile 560
[2020.08.07-01.53.50:831][  0]LogShaderCompilers: Display: Shaders left to compile 550
[2020.08.07-01.53.50:831][  0]LogShaderCompilers: Display: Shaders left to compile 540
[2020.08.07-01.53.50:831][  0]LogShaderCompilers: Display: Shaders left to compile 530
[2020.08.07-01.53.50:831][  0]LogShaderCompilers: Display: Shaders left to compile 520
[2020.08.07-01.53.50:831][  0]LogShaderCompilers: Display: Shaders left to compile 510
[2020.08.07-01.53.50:831][  0]LogShaderCompilers: Display: Shaders left to compile 500
[2020.08.07-01.53.50:831][  0]LogShaderCompilers: Display: Shaders left to compile 490
[2020.08.07-01.53.50:831][  0]LogShaderCompilers: Display: Shaders left to compile 480
[2020.08.07-01.53.50:831][  0]LogShaderCompilers: Display: Shaders left to compile 470
[2020.08.07-01.53.50:831][  0]LogShaderCompilers: Display: Shaders left to compile 460
[2020.08.07-01.53.50:831][  0]LogShaderCompilers: Display: Shaders left to compile 450
[2020.08.07-01.53.50:832][  0]LogShaderCompilers: Display: Shaders left to compile 440
[2020.08.07-01.53.50:832][  0]LogShaderCompilers: Display: Shaders left to compile 430
[2020.08.07-01.53.50:832][  0]LogShaderCompilers: Display: Shaders left to compile 420
[2020.08.07-01.53.50:832][  0]LogShaderCompilers: Display: Shaders left to compile 410
[2020.08.07-01.53.50:832][  0]LogShaderCompilers: Display: Shaders left to compile 400
[2020.08.07-01.53.50:832][  0]LogShaderCompilers: Display: Shaders left to compile 390
[2020.08.07-01.53.50:832][  0]LogShaderCompilers: Display: Shaders left to compile 380
[2020.08.07-01.53.50:832][  0]LogShaderCompilers: Display: Shaders left to compile 370
[2020.08.07-01.53.50:832][  0]LogShaderCompilers: Display: Shaders left to compile 360
[2020.08.07-01.53.50:832][  0]LogShaderCompilers: Display: Shaders left to compile 350
[2020.08.07-01.53.50:832][  0]LogShaderCompilers: Display: Shaders left to compile 340
[2020.08.07-01.53.50:832][  0]LogShaderCompilers: Display: Shaders left to compile 330
[2020.08.07-01.53.50:832][  0]LogShaderCompilers: Display: Shaders left to compile 320
[2020.08.07-01.53.50:832][  0]LogShaderCompilers: Display: Shaders left to compile 310
[2020.08.07-01.53.50:832][  0]LogShaderCompilers: Display: Shaders left to compile 300
[2020.08.07-01.53.50:832][  0]LogShaderCompilers: Display: Shaders left to compile 290
[2020.08.07-01.53.50:832][  0]LogShaderCompilers: Display: Shaders left to compile 280
[2020.08.07-01.53.50:832][  0]LogShaderCompilers: Display: Shaders left to compile 270
[2020.08.07-01.53.50:832][  0]LogShaderCompilers: Display: Shaders left to compile 260
[2020.08.07-01.53.50:832][  0]LogShaderCompilers: Display: Shaders left to compile 250
[2020.08.07-01.53.50:832][  0]LogShaderCompilers: Display: Shaders left to compile 240
[2020.08.07-01.53.50:832][  0]LogShaderCompilers: Display: Shaders left to compile 230
[2020.08.07-01.53.50:832][  0]LogShaderCompilers: Display: Shaders left to compile 220
[2020.08.07-01.53.50:832][  0]LogShaderCompilers: Display: Shaders left to compile 210
[2020.08.07-01.53.50:832][  0]LogShaderCompilers: Display: Shaders left to compile 200
[2020.08.07-01.53.50:832][  0]LogShaderCompilers: Display: Shaders left to compile 190
[2020.08.07-01.53.50:832][  0]LogShaderCompilers: Display: Shaders left to compile 180
[2020.08.07-01.53.50:832][  0]LogShaderCompilers: Display: Shaders left to compile 170
[2020.08.07-01.53.50:832][  0]LogShaderCompilers: Display: Shaders left to compile 160
[2020.08.07-01.53.50:832][  0]LogShaderCompilers: Display: Shaders left to compile 150
[2020.08.07-01.53.50:832][  0]LogShaderCompilers: Display: Shaders left to compile 140
[2020.08.07-01.53.50:832][  0]LogShaderCompilers: Display: Shaders left to compile 130
[2020.08.07-01.53.50:832][  0]LogShaderCompilers: Display: Shaders left to compile 120
[2020.08.07-01.53.50:832][  0]LogShaderCompilers: Display: Shaders left to compile 110
[2020.08.07-01.53.50:832][  0]LogShaderCompilers: Display: Shaders left to compile 100
[2020.08.07-01.53.50:832][  0]LogShaderCompilers: Display: Shaders left to compile 90
[2020.08.07-01.53.50:832][  0]LogShaderCompilers: Display: Shaders left to compile 80
[2020.08.07-01.53.50:832][  0]LogShaderCompilers: Display: Shaders left to compile 70
[2020.08.07-01.53.50:832][  0]LogShaderCompilers: Display: Shaders left to compile 60
[2020.08.07-01.53.50:832][  0]LogShaderCompilers: Display: Shaders left to compile 50
[2020.08.07-01.53.50:832][  0]LogShaderCompilers: Display: Shaders left to compile 40
[2020.08.07-01.53.50:832][  0]LogShaderCompilers: Display: Shaders left to compile 30
[2020.08.07-01.53.50:832][  0]LogShaderCompilers: Display: Shaders left to compile 20
[2020.08.07-01.53.50:832][  0]LogShaderCompilers: Display: Shaders left to compile 10
[2020.08.07-01.53.50:832][  0]LogMaterial: Display: Missing cached shader map for material DefaultLightFunctionMaterial, compiling. 
[2020.08.07-01.53.51:008][  0]LogMaterial: Display: Missing cached shader map for material DefaultPostProcessMaterial, compiling. 
[2020.08.07-01.53.51:408][  0]LogMaterial: Display: Missing cached shader map for material DefaultDeferredDecalMaterial, compiling. 
[2020.08.07-01.53.59:023][  0]LogShaderCompilers: Display: Shaders left to compile 100
[2020.08.07-01.53.59:024][  0]LogShaderCompilers: Display: Shaders left to compile 90
[2020.08.07-01.53.59:024][  0]LogShaderCompilers: Display: Shaders left to compile 80
[2020.08.07-01.53.59:024][  0]LogShaderCompilers: Display: Shaders left to compile 70
[2020.08.07-01.53.59:024][  0]LogShaderCompilers: Display: Shaders left to compile 60
[2020.08.07-01.53.59:024][  0]LogShaderCompilers: Display: Shaders left to compile 50
[2020.08.07-01.53.59:024][  0]LogShaderCompilers: Display: Shaders left to compile 40
[2020.08.07-01.53.59:024][  0]LogShaderCompilers: Display: Shaders left to compile 30
[2020.08.07-01.53.59:024][  0]LogShaderCompilers: Display: Shaders left to compile 20
[2020.08.07-01.53.59:024][  0]LogShaderCompilers: Display: Shaders left to compile 10
[2020.08.07-01.53.59:024][  0]LogMaterial: Display: Missing cached shader map for material MatineeCam_mat, compiling. 
[2020.08.07-01.53.59:064][  0]LogMeshReduction: Using QuadricMeshReduction for automatic static mesh reduction
[2020.08.07-01.53.59:064][  0]LogMeshReduction: Using SimplygonMeshReduction for automatic skeletal mesh reduction
[2020.08.07-01.53.59:064][  0]LogMeshReduction: Using ProxyLODMeshReduction for automatic mesh merging
[2020.08.07-01.53.59:064][  0]LogMeshReduction: No distributed automatic mesh merging module available
[2020.08.07-01.53.59:064][  0]LogMeshMerging: No distributed automatic mesh merging module available
[2020.08.07-01.53.59:079][  0]LogNetVersion: PuzzlePlatform 1.0.0, NetCL: 5660361, EngineNetVer: 10, GameNetVer: 0 (Checksum: 1198986006)
[2020.08.07-01.53.59:096][  0]LogMaterial: Display: Missing cached shader map for material HelpActorMaterial, compiling. 
[2020.08.07-01.53.59:156][  0]LogMaterial: Display: Missing cached shader map for material M_ChromeBall, compiling. 
[2020.08.07-01.53.59:231][  0]LogMaterial: Display: Missing cached shader map for material DefaultTextMaterialOpaque, compiling. 
[2020.08.07-01.53.59:276][  0]LogMaterial: Display: Missing cached shader map for material BaseFlattenMaterial, compiling. 
[2020.08.07-01.53.59:336][  0]LogMaterial: Display: Missing cached shader map for material Widget3DPassThrough, compiling. 
[2020.08.07-01.53.59:350][  0]LogMaterial: Display: Missing cached shader map for material Widget3DPassThrough, compiling. 
[2020.08.07-01.53.59:366][  0]LogMaterial: Display: Missing cached shader map for material Widget3DPassThrough, compiling. 
[2020.08.07-01.53.59:376][  0]LogMaterial: Display: Missing cached shader map for material Widget3DPassThrough, compiling. 
[2020.08.07-01.53.59:386][  0]LogMaterial: Display: Missing cached shader map for material Widget3DPassThrough, compiling. 
[2020.08.07-01.53.59:399][  0]LogMaterial: Display: Missing cached shader map for material Widget3DPassThrough, compiling. 
[2020.08.07-01.53.59:422][  0]LogMaterial: Display: Missing cached shader map for material Xray, compiling. 
[2020.08.07-01.53.59:453][  0]LogMaterial: Display: Missing cached shader map for material Main, compiling. 
[2020.08.07-01.53.59:482][  0]LogMaterial: Display: Missing cached shader map for material TranslucentTransformGizmoMaterial, compiling. 
[2020.08.07-01.53.59:493][  0]LogMaterial: Display: Missing cached shader map for material TransformGizmoMaterial, compiling. 
[2020.08.07-01.53.59:518][  0]LogMaterial: Display: Missing cached shader map for material CineMat, compiling. 
[2020.08.07-01.53.59:597][  0]LogMaterial: Display: Missing cached shader map for material M_SimpleOpaque, compiling. 
[2020.08.07-01.53.59:641][  0]LogMaterial: Display: Missing cached shader map for material M_SimpleTranslucent, compiling. 
[2020.08.07-01.53.59:804][  0]LogMaterial: Display: Missing cached shader map for material SkySphereMaterial, compiling. 
[2020.08.07-01.53.59:825][  0]LogMaterial: Display: Missing cached shader map for material FloorPlaneMaterial, compiling. 
[2020.08.07-01.53.59:998][  0]LogMaterial: Display: Missing cached shader map for material LandscapeGizmo_Mat, compiling. 
[2020.08.07-01.54.00:029][  0]LogMaterial: Display: Missing cached shader map for material LandscapeGizmoHeight_Mat, compiling. 
[2020.08.07-01.54.00:103][  0]LogMaterial: Display: Missing cached shader map for material SplineEditorMeshMat, compiling. 
[2020.08.07-01.54.00:521][  0]LogMoviePlayer: Initializing movie player
[2020.08.07-01.54.00:606][  0]LogMaterial: Display: Missing cached shader map for material DefaultSpriteMaterial, compiling. 
[2020.08.07-01.54.00:620][  0]LogMaterial: Display: Missing cached shader map for material DefaultSpriteMaterial, compiling. 
[2020.08.07-01.54.00:692][  0]LogTcpMessaging: Initializing TcpMessaging bridge
[2020.08.07-01.54.00:706][  0]LogUdpMessaging: Initializing bridge on interface 0.0.0.0:0 to multicast group 230.0.0.1:6666.
[2020.08.07-01.54.00:790][  0]LogMaterial: Display: Missing cached shader map for material DefaultMaterial, compiling. 
[2020.08.07-01.54.01:136][  0]LogMaterial: Display: Missing cached shader map for material M_UE4Man_Body, compiling. 
[2020.08.07-01.54.01:208][  0]LogMaterial: Display: Missing cached shader map for material M_UE4Man_Body, compiling. 
[2020.08.07-01.54.01:315][  0]SourceControl: Source control is disabled
[2020.08.07-01.54.01:315][  0]SourceControl: Source control is disabled
[2020.08.07-01.54.01:318][  0]SourceControl: Source control is disabled
[2020.08.07-01.54.01:412][  0]LogAndroidPermission: UAndroidPermissionCallbackProxy::GetInstance
[2020.08.07-01.54.01:552][  0]LogOcInput: OculusInput pre-init called
[2020.08.07-01.54.01:574][  0]LogUObjectArray: 47466 objects as part of root set at end of initial load.
[2020.08.07-01.54.01:575][  0]LogUObjectAllocator: 8562184 out of 0 bytes used by permanent object pool.
[2020.08.07-01.54.01:575][  0]LogUObjectArray: CloseDisregardForGC: 0/0 objects in disregard for GC pool
[2020.08.07-01.54.01:689][  0]LogMaterial: Display: Missing cached shader map for material HighResScreenshot, compiling. 
[2020.08.07-01.54.01:707][  0]LogMaterial: Display: Missing cached shader map for material HighResScreenshotMask, compiling. 
[2020.08.07-01.54.01:734][  0]LogMaterial: Display: Missing cached shader map for material HighResScreenshotCaptureRegion, compiling. 
[2020.08.07-01.54.01:806][  0]LogEngine: Initializing Engine...
[2020.08.07-01.54.01:808][  0]LogHMD: Failed to initialize OpenVR with code 110
[2020.08.07-01.54.01:821][  0]LogStats: UGameplayTagsManager::InitializeManager -  0.000 s
[2020.08.07-01.54.01:826][  0]LogMaterial: Display: Missing cached shader map for material WireframeMaterial, compiling. Is special engine material.
[2020.08.07-01.54.01:886][  0]LogMaterial: Display: Missing cached shader map for material LevelColorationLitMaterial, compiling. Is special engine material.
[2020.08.07-01.54.02:303][  0]LogMaterial: Display: Missing cached shader map for material LevelColorationUnlitMaterial, compiling. Is special engine material.
[2020.08.07-01.54.02:360][  0]LogMaterial: Display: Missing cached shader map for material MAT_LevelColorationLitLightmapUV, compiling. Is special engine material.
[2020.08.07-01.54.02:782][  0]LogMaterial: Display: Missing cached shader map for material ShadedLevelColorationLitMaterial, compiling. Is special engine material.
[2020.08.07-01.54.03:219][  0]LogMaterial: Display: Missing cached shader map for material ShadedLevelColorationUnlitMateri, compiling. Is special engine material.
[2020.08.07-01.54.03:283][  0]LogMaterial: Display: Missing cached shader map for material VertexColorMaterial, compiling. 
[2020.08.07-01.54.03:405][  0]LogMaterial: Display: Missing cached shader map for material VertexColorViewMode_ColorOnly, compiling. 
[2020.08.07-01.54.03:425][  0]LogMaterial: Display: Missing cached shader map for material VertexColorViewMode_AlphaAsColor, compiling. 
[2020.08.07-01.54.03:446][  0]LogMaterial: Display: Missing cached shader map for material VertexColorViewMode_RedOnly, compiling. 
[2020.08.07-01.54.03:465][  0]LogMaterial: Display: Missing cached shader map for material VertexColorViewMode_GreenOnly, compiling. 
[2020.08.07-01.54.03:483][  0]LogMaterial: Display: Missing cached shader map for material VertexColorViewMode_BlueOnly, compiling. 
[2020.08.07-01.54.03:501][  0]LogMaterial: Display: Missing cached shader map for material RemoveSurfaceMaterial, compiling. 
[2020.08.07-01.54.03:512][  0]LogMaterial: Display: Missing cached shader map for material DebugMeshMaterial, compiling. 
[2020.08.07-01.54.03:529][  0]LogMaterial: Display: Missing cached shader map for material M_InvalidLightmapSettings, compiling. 
[2020.08.07-01.54.03:593][  0]LogMaterial: Display: Missing cached shader map for material GizmoMaterial, compiling. 
[2020.08.07-01.54.03:609][  0]LogMaterial: Display: Missing cached shader map for material PhAT_JointLimitMaterial, compiling. 
[2020.08.07-01.54.03:698][  0]LogInit: Initializing FReadOnlyCVARCache
[2020.08.07-01.54.03:728][  0]LogInit: XAudio2 using 'Speakers (Realtek High Definition Audio(SST))' : 2 channels at 48 kHz using 32 bits per sample (channel mask 0x3)
[2020.08.07-01.54.03:776][  0]LogInit: FAudioDevice initialized.
[2020.08.07-01.54.03:788][  0]LogNetVersion: Set ProjectVersion to 1.0.0.0. Version Checksum will be recalculated on next use.
[2020.08.07-01.54.03:789][  0]LogInit: Texture streaming: Enabled
[2020.08.07-01.54.03:795][  0]LogMaterial: Display: Missing cached shader map for material BaseColor, compiling. 
[2020.08.07-01.54.03:811][  0]LogMaterial: Display: Missing cached shader map for material CustomDepth, compiling. 
[2020.08.07-01.54.03:842][  0]LogMaterial: Display: Missing cached shader map for material CustomStencil, compiling. 
[2020.08.07-01.54.03:854][  0]LogMaterial: Display: Missing cached shader map for material FinalImage, compiling. 
[2020.08.07-01.54.03:866][  0]LogMaterial: Display: Missing cached shader map for material LightingModel, compiling. 
[2020.08.07-01.54.03:878][  0]LogMaterial: Display: Missing cached shader map for material MaterialAO, compiling. 
[2020.08.07-01.54.03:889][  0]LogMaterial: Display: Missing cached shader map for material Metallic, compiling. 
[2020.08.07-01.54.03:901][  0]LogMaterial: Display: Missing cached shader map for material Opacity, compiling. 
[2020.08.07-01.54.03:914][  0]LogMaterial: Display: Missing cached shader map for material Roughness, compiling. 
[2020.08.07-01.54.03:926][  0]LogMaterial: Display: Missing cached shader map for material SceneColor, compiling. 
[2020.08.07-01.54.03:939][  0]LogMaterial: Display: Missing cached shader map for material SceneDepth, compiling. 
[2020.08.07-01.54.03:951][  0]LogMaterial: Display: Missing cached shader map for material SeparateTranslucencyRGB, compiling. 
[2020.08.07-01.54.03:962][  0]LogMaterial: Display: Missing cached shader map for material SeparateTranslucencyA, compiling. 
[2020.08.07-01.54.03:979][  0]LogMaterial: Display: Missing cached shader map for material Specular, compiling. 
[2020.08.07-01.54.03:991][  0]LogMaterial: Display: Missing cached shader map for material SubsurfaceColor, compiling. 
[2020.08.07-01.54.04:003][  0]LogMaterial: Display: Missing cached shader map for material WorldNormal, compiling. 
[2020.08.07-01.54.04:017][  0]LogMaterial: Display: Missing cached shader map for material AmbientOcclusion, compiling. 
[2020.08.07-01.54.04:035][  0]LogMaterial: Display: Missing cached shader map for material CustomDepthWorldUnits, compiling. 
[2020.08.07-01.54.04:048][  0]LogMaterial: Display: Missing cached shader map for material SceneDepthWorldUnits, compiling. 
[2020.08.07-01.54.04:061][  0]LogMaterial: Display: Missing cached shader map for material Velocity, compiling. 
[2020.08.07-01.54.04:073][  0]LogMaterial: Display: Missing cached shader map for material PreTonemapHDRColor, compiling. 
[2020.08.07-01.54.04:085][  0]LogMaterial: Display: Missing cached shader map for material PostTonemapHDRColor, compiling. 
[2020.08.07-01.54.04:162][  0]LogSlate: Updating window title bar state: overlay mode, drag disabled, window buttons hidden, title bar hidden
[2020.08.07-01.54.04:162][  0]LogInit: Display: Game Engine Initialized.
[2020.08.07-01.54.04:204][  0]LogMaterial: Display: Missing cached shader map for material OculusMR_WhiteMaterial, compiling. 
[2020.08.07-01.54.04:228][  0]LogMaterial: Display: Missing cached shader map for material OculusMR_ChromaKey, compiling. 
[2020.08.07-01.54.04:257][  0]LogMaterial: Display: Missing cached shader map for material OculusMR_ChromaKey_Lit, compiling. 
[2020.08.07-01.54.04:303][  0]LogMaterial: Display: Missing cached shader map for material OculusMR_OpaqueColoredMaterial, compiling. 
[2020.08.07-01.54.04:317][  0]LogInit: Display: Starting Game.
[2020.08.07-01.54.04:317][  0]LogNet: Browse: /Game/ThirdPersonCPP/Maps/ThirdPersonExampleMap?Name=Player
[2020.08.07-01.54.04:317][  0]LogLoad: LoadMap: /Game/ThirdPersonCPP/Maps/ThirdPersonExampleMap?Name=Player
[2020.08.07-01.54.04:365][  0]LogUObjectHash: Compacting FUObjectHashTables data took   4.23ms
[2020.08.07-01.54.04:484][  0]LogMaterial: Display: Missing cached shader map for material M_Sky_Panning_Clouds2, compiling. 
[2020.08.07-01.54.04:507][  0]LogMaterial: Display: Missing cached shader map for material RampMaterial, compiling. 
[2020.08.07-01.54.04:556][  0]LogMaterial: Display: Missing cached shader map for material CubeMaterial, compiling. 
[2020.08.07-01.54.04:632][  0]LogAIModule: Creating AISystem for world ThirdPersonExampleMap
[2020.08.07-01.54.04:632][  0]LogLoad: Game class is 'PuzzlePlatformGameMode'
[2020.08.07-01.54.04:681][  0]LogWorld: Bringing World /Game/ThirdPersonCPP/Maps/ThirdPersonExampleMap.ThirdPersonExampleMap up for play (max tick rate 0) at 2020.08.06-21.54.04
[2020.08.07-01.54.04:682][  0]LogWorld: Bringing up level for play took: 0.018535
[2020.08.07-01.54.04:697][  0]LogLoad: Took 0.380206 seconds to LoadMap(/Game/ThirdPersonCPP/Maps/ThirdPersonExampleMap)
[2020.08.07-01.54.04:776][  0]LogRenderer: Reallocating scene render targets to support 1280x720 Format 10 NumSamples 1 (Frame:1).
[2020.08.07-01.54.04:776][  0]LogLoad: (Engine Initialization) Total time: 72.37 seconds
[2020.08.07-01.54.04:776][  0]LogLoad: (Engine Initialization) Total Blueprint compile time: 0.00 seconds
[2020.08.07-01.54.40:377][  0]LogContentStreaming: Texture pool size now 1000 MB
[2020.08.07-01.55.39:544][517]LogSlate: Window 'PuzzlePlatform (64-bit Development PCD3D_ES2) ' being destroyed
[2020.08.07-01.55.39:546][517]LogWindowsTextInputMethodSystem: Display: IME system now deactivated.
[2020.08.07-01.55.39:556][517]LogSlate: Updating window title bar state: overlay mode, drag disabled, window buttons hidden, title bar hidden
[2020.08.07-01.55.39:556][517]LogEngine: All Windows Closed
[2020.08.07-01.55.39:556][517]LogWindows: FPlatformMisc::RequestExit(0)
[2020.08.07-01.55.40:942][518]LogExit: Preparing to exit.
[2020.08.07-01.55.40:942][518]LogMoviePlayer: Shutting down movie player
[2020.08.07-01.55.41:860][518]LogSlate: Updating window title bar state: overlay mode, drag disabled, window buttons hidden, title bar hidden
[2020.08.07-01.55.41:895][518]LogExit: Game engine shut down
[2020.08.07-01.55.42:229][518]LogExit: Object subsystem successfully closed.
[2020.08.07-01.55.42:287][518]LogShaderCompilers: Display: Shaders left to compile 0
[2020.08.07-01.55.42:290][518]LogD3D11RHI: Shutdown
[2020.08.07-01.55.42:291][518]LogD3D11RHI: CleanupD3DDevice
[2020.08.07-01.55.42:292][518]LogRendererCore: FGlobalReadBuffer::ReleaseRHI
[2020.08.07-01.55.42:293][518]LogRendererCore: FGlobalDynamicReadBuffer::Cleanup()
[2020.08.07-01.55.42:293][518]LogRendererCore: FGlobalReadBuffer::ReleaseRHI
[2020.08.07-01.55.42:293][518]LogRendererCore: FGlobalDynamicReadBuffer::Cleanup()
[2020.08.07-01.55.42:293][518]LogRendererCore: FGlobalReadBuffer::ReleaseRHI
[2020.08.07-01.55.42:293][518]LogRendererCore: FGlobalDynamicReadBuffer::Cleanup()
[2020.08.07-01.55.42:443][518]LogD3D11RHI: ~FD3D11DynamicRHI
[2020.08.07-01.55.42:554][518]LogModuleManager: Shutting down and abandoning module SequenceRecorderSections (400)
[2020.08.07-01.55.42:554][518]LogModuleManager: Shutting down and abandoning module SequenceRecorder (398)
[2020.08.07-01.55.42:554][518]LogModuleManager: Shutting down and abandoning module AutomationController (396)
[2020.08.07-01.55.42:554][518]LogModuleManager: Shutting down and abandoning module AutomationWorker (394)
[2020.08.07-01.55.42:554][518]LogModuleManager: Shutting down and abandoning module Voice (392)
[2020.08.07-01.55.42:554][518]LogModuleManager: Shutting down and abandoning module AIModule (390)
[2020.08.07-01.55.42:555][518]LogModuleManager: Shutting down and abandoning module GameplayDebugger (389)
[2020.08.07-01.55.42:555][518]LogModuleManager: Shutting down and abandoning module AITestSuite (387)
[2020.08.07-01.55.42:555][518]LogModuleManager: Shutting down and abandoning module NavigationSystem (385)
[2020.08.07-01.55.42:555][518]LogModuleManager: Shutting down and abandoning module OculusMR (382)
[2020.08.07-01.55.42:555][518]LogModuleManager: Shutting down and abandoning module WmfMediaFactory (380)
[2020.08.07-01.55.42:555][518]LogModuleManager: Shutting down and abandoning module WebMMediaFactory (378)
[2020.08.07-01.55.42:555][518]LogModuleManager: Shutting down and abandoning module WebMMedia (376)
[2020.08.07-01.55.42:555][518]LogModuleManager: Shutting down and abandoning module OpenExrWrapper (374)
[2020.08.07-01.55.42:555][518]LogModuleManager: Shutting down and abandoning module ImgMediaFactory (372)
[2020.08.07-01.55.42:555][518]LogModuleManager: Shutting down and abandoning module AvfMediaFactory (370)
[2020.08.07-01.55.42:555][518]LogModuleManager: Shutting down and abandoning module MagicLeapCameraPreviewFactory (368)
[2020.08.07-01.55.42:556][518]LogModuleManager: Shutting down and abandoning module MagicLeapMediaCodecFactory (366)
[2020.08.07-01.55.42:556][518]LogModuleManager: Shutting down and abandoning module MagicLeapMediaFactory (364)
[2020.08.07-01.55.42:556][518]LogModuleManager: Shutting down and abandoning module CharacterAI (362)
[2020.08.07-01.55.42:556][518]LogModuleManager: Shutting down and abandoning module SessionServices (360)
[2020.08.07-01.55.42:556][518]LogModuleManager: Shutting down and abandoning module MovieSceneCapture (358)
[2020.08.07-01.55.42:556][518]LogModuleManager: Shutting down and abandoning module LiveCoding (356)
[2020.08.07-01.55.42:556][518]LogModuleManager: Shutting down and abandoning module LevelSequence (354)
[2020.08.07-01.55.42:557][518]LogModuleManager: Shutting down and abandoning module MovieSceneTracks (352)
[2020.08.07-01.55.42:557][518]LogModuleManager: Shutting down and abandoning module MovieScene (350)
[2020.08.07-01.55.42:557][518]LogModuleManager: Shutting down and abandoning module StreamingPauseRendering (348)
[2020.08.07-01.55.42:557][518]LogModuleManager: Shutting down and abandoning module PortalServices (346)
[2020.08.07-01.55.42:557][518]LogModuleManager: Shutting down and abandoning module PortalRpc (344)
[2020.08.07-01.55.42:557][518]LogModuleManager: Shutting down and abandoning module MessagingRpc (342)
[2020.08.07-01.55.42:557][518]LogModuleManager: Shutting down and abandoning module ImageWriteQueue (340)
[2020.08.07-01.55.42:571][518]LogModuleManager: Shutting down and abandoning module ProfilerService (338)
[2020.08.07-01.55.42:724][518]LogModuleManager: Shutting down and abandoning module TaskGraph (336)
[2020.08.07-01.55.42:725][518]LogModuleManager: Shutting down and abandoning module SteamVRController (334)
[2020.08.07-01.55.42:725][518]LogModuleManager: Shutting down and abandoning module ProceduralMeshComponent (332)
[2020.08.07-01.55.42:725][518]LogModuleManager: Shutting down and abandoning module OculusInput (330)
[2020.08.07-01.55.42:725][518]LogModuleManager: Shutting down and abandoning module MobilePatchingUtils (328)
[2020.08.07-01.55.42:725][518]LogModuleManager: Shutting down and abandoning module EditableMesh (326)
[2020.08.07-01.55.42:725][518]LogModuleManager: Shutting down and abandoning module CustomMeshComponent (324)
[2020.08.07-01.55.42:726][518]LogModuleManager: Shutting down and abandoning module CableComponent (322)
[2020.08.07-01.55.42:726][518]LogModuleManager: Shutting down and abandoning module AudioCapture (320)
[2020.08.07-01.55.42:726][518]LogModuleManager: Shutting down and abandoning module ArchVisCharacter (318)
[2020.08.07-01.55.42:726][518]LogModuleManager: Shutting down and abandoning module AndroidPermission (316)
[2020.08.07-01.55.42:726][518]LogModuleManager: Shutting down and abandoning module NUTUnrealEngine4 (314)
[2020.08.07-01.55.42:726][518]LogModuleManager: Shutting down and abandoning module NetcodeUnitTest (312)
[2020.08.07-01.55.42:726][518]LogModuleManager: Shutting down and abandoning module MediaCompositing (310)
[2020.08.07-01.55.42:726][518]LogModuleManager: Shutting down and abandoning module LinearTimecode (308)
[2020.08.07-01.55.42:726][518]LogModuleManager: Shutting down and abandoning module ImgMedia (306)
[2020.08.07-01.55.42:726][518]LogModuleManager: Shutting down and abandoning module MagicLeapHelperVulkan (304)
[2020.08.07-01.55.42:726][518]LogModuleManager: Shutting down and abandoning module MagicLeapHelperOpenGL (302)
[2020.08.07-01.55.42:727][518]LogModuleManager: Shutting down and abandoning module MagicLeapAudio (300)
[2020.08.07-01.55.42:727][518]LogModuleManager: Shutting down and abandoning module HTML5Networking (298)
[2020.08.07-01.55.42:727][518]LogModuleManager: Shutting down and abandoning module GeometryCacheTracks (296)
[2020.08.07-01.55.42:727][518]LogModuleManager: Shutting down and abandoning module GeometryCacheSequencer (295)
[2020.08.07-01.55.42:727][518]LogModuleManager: Shutting down and abandoning module GeometryCache (292)
[2020.08.07-01.55.42:727][518]LogModuleManager: Shutting down and abandoning module GeometryCacheEd (291)
[2020.08.07-01.55.42:727][518]LogModuleManager: Shutting down and abandoning module BackChannel (288)
[2020.08.07-01.55.42:727][518]LogModuleManager: Shutting down and abandoning module AppleVision (286)
[2020.08.07-01.55.42:727][518]LogModuleManager: Shutting down and abandoning module AppleImageUtilsBlueprintSupport (284)
[2020.08.07-01.55.42:727][518]LogModuleManager: Shutting down and abandoning module AppleImageUtils (282)
[2020.08.07-01.55.42:727][518]LogModuleManager: Shutting down and abandoning module VariantManagerContent (280)
[2020.08.07-01.55.42:727][518]LogModuleManager: Shutting down and abandoning module CryptoKeysOpenSSL (278)
[2020.08.07-01.55.42:727][518]LogModuleManager: Shutting down and abandoning module CryptoKeys (276)
[2020.08.07-01.55.42:727][518]LogModuleManager: Shutting down and abandoning module VisualStudioSourceCodeAccess (274)
[2020.08.07-01.55.42:728][518]LogModuleManager: Shutting down and abandoning module HotReload (273)
[2020.08.07-01.55.42:728][518]LogModuleManager: Shutting down and abandoning module DirectoryWatcher (272)
[2020.08.07-01.55.42:728][518]LogModuleManager: Shutting down and abandoning module VisualStudioCodeSourceCodeAccess (268)
[2020.08.07-01.55.42:728][518]LogModuleManager: Shutting down and abandoning module UObjectPlugin (266)
[2020.08.07-01.55.42:728][518]LogModuleManager: Shutting down and abandoning module SubversionSourceControl (264)
[2020.08.07-01.55.42:729][518]LogModuleManager: Shutting down and abandoning module PerforceSourceControl (262)
[2020.08.07-01.55.42:729][518]LogModuleManager: Shutting down and abandoning module SourceControl (261)
[2020.08.07-01.55.42:729][518]LogModuleManager: Shutting down and abandoning module CLionSourceCodeAccess (258)
[2020.08.07-01.55.42:729][518]LogModuleManager: Shutting down and abandoning module ActorLayerUtilities (256)
[2020.08.07-01.55.42:729][518]LogModuleManager: Shutting down and abandoning module PuzzlePlatform (254)
[2020.08.07-01.55.42:729][518]LogModuleManager: Shutting down and abandoning module SignificanceManager (252)
[2020.08.07-01.55.42:729][518]LogModuleManager: Shutting down and abandoning module RuntimePhysXCooking (250)
[2020.08.07-01.55.42:729][518]LogModuleManager: Shutting down and abandoning module PhysXVehiclesEditor (248)
[2020.08.07-01.55.42:729][518]LogModuleManager: Shutting down and abandoning module PhysXVehicles (246)
[2020.08.07-01.55.42:729][518]LogModuleManager: Shutting down and abandoning module LocationServicesBPLibrary (244)
[2020.08.07-01.55.42:729][518]LogModuleManager: Shutting down and abandoning module ActorSequence (242)
[2020.08.07-01.55.42:729][518]LogModuleManager: Shutting down and abandoning module UdpMessaging (240)
[2020.08.07-01.55.42:830][518]LogModuleManager: Shutting down and abandoning module TcpMessaging (238)
[2020.08.07-01.55.42:931][518]LogModuleManager: Shutting down and abandoning module MagicLeapIdentity (236)
[2020.08.07-01.55.42:931][518]LogModuleManager: Shutting down and abandoning module MagicLeapSecureStorage (234)
[2020.08.07-01.55.42:931][518]LogModuleManager: Shutting down and abandoning module MagicLeapHandTracking (232)
[2020.08.07-01.55.42:931][518]LogModuleManager: Shutting down and abandoning module MagicLeapEyeTracker (230)
[2020.08.07-01.55.42:931][518]LogModuleManager: Shutting down and abandoning module MagicLeapController (228)
[2020.08.07-01.55.42:931][518]LogSlate: Slate User Destroyed.  User Index 0, Is Virtual User: 0
[2020.08.07-01.55.42:932][518]LogModuleManager: Shutting down and abandoning module MagicLeapAR (226)
[2020.08.07-01.55.42:932][518]LogModuleManager: Shutting down and abandoning module AugmentedReality (225)
[2020.08.07-01.55.42:932][518]LogModuleManager: Shutting down and abandoning module GameplayTagsEditor (222)
[2020.08.07-01.55.42:932][518]LogModuleManager: Shutting down and abandoning module FacialAnimation (220)
[2020.08.07-01.55.42:933][518]LogModuleManager: Shutting down and abandoning module DataValidation (218)
[2020.08.07-01.55.42:933][518]LogModuleManager: Shutting down and abandoning module AssetManagerEditor (216)
[2020.08.07-01.55.42:933][518]LogModuleManager: Shutting down and abandoning module TreeMap (215)
[2020.08.07-01.55.42:933][518]LogModuleManager: Shutting down and abandoning module AnimationSharing (212)
[2020.08.07-01.55.42:933][518]LogModuleManager: Shutting down and abandoning module LightPropagationVolumeRuntime (210)
[2020.08.07-01.55.42:933][518]LogModuleManager: Shutting down and abandoning module AISupportModule (208)
[2020.08.07-01.55.42:933][518]LogModuleManager: Shutting down and abandoning module Paper2D (206)
[2020.08.07-01.55.42:934][518]LogModuleManager: Shutting down and abandoning module WindowsMoviePlayer (204)
[2020.08.07-01.55.42:934][518]LogModuleManager: Shutting down and abandoning module WebMMoviePlayer (202)
[2020.08.07-01.55.42:934][518]LogModuleManager: Shutting down and abandoning module PacketHandler (200)
[2020.08.07-01.55.42:934][518]LogModuleManager: Shutting down and abandoning module ClothingSystemEditor (198)
[2020.08.07-01.55.42:934][518]LogModuleManager: Shutting down and abandoning module ClothingSystemRuntime (196)
[2020.08.07-01.55.42:934][518]LogModuleManager: Shutting down and abandoning module MediaAssets (194)
[2020.08.07-01.55.42:934][518]LogModuleManager: Shutting down and abandoning module Overlay (192)
[2020.08.07-01.55.42:934][518]LogModuleManager: Shutting down and abandoning module OverlayEditor (191)
[2020.08.07-01.55.42:934][518]LogModuleManager: Shutting down and abandoning module VREditor (188)
[2020.08.07-01.55.42:934][518]LogModuleManager: Shutting down and abandoning module StringTableEditor (186)
[2020.08.07-01.55.42:934][518]LogModuleManager: Shutting down and abandoning module GameplayTasksEditor (184)
[2020.08.07-01.55.42:935][518]LogModuleManager: Shutting down and abandoning module BehaviorTreeEditor (182)
[2020.08.07-01.55.42:935][518]LogModuleManager: Shutting down and abandoning module FunctionalTesting (180)
[2020.08.07-01.55.42:935][518]LogModuleManager: Shutting down and abandoning module CollisionAnalyzer (178)
[2020.08.07-01.55.42:935][518]LogModuleManager: Shutting down and abandoning module WorkspaceMenuStructure (177)
[2020.08.07-01.55.42:935][518]LogModuleManager: Shutting down and abandoning module UMG (174)
[2020.08.07-01.55.42:935][518]LogModuleManager: Shutting down and abandoning module UMGEditor (173)
[2020.08.07-01.55.42:935][518]LogModuleManager: Shutting down and abandoning module Sequencer (172)
[2020.08.07-01.55.42:935][518]LogModuleManager: Shutting down and abandoning module MessageLog (169)
[2020.08.07-01.55.42:935][518]LogModuleManager: Shutting down and abandoning module SlateReflector (164)
[2020.08.07-01.55.42:936][518]LogModuleManager: Shutting down and abandoning module Slate (162)
[2020.08.07-01.55.42:936][518]LogModuleManager: Shutting down and abandoning module EditorStyle (160)
[2020.08.07-01.55.42:941][518]LogModuleManager: Shutting down and abandoning module UnrealEd (158)
[2020.08.07-01.55.42:941][518]LogModuleManager: Shutting down and abandoning module MRMesh (156)
[2020.08.07-01.55.42:941][518]LogModuleManager: Shutting down and abandoning module Messaging (154)
[2020.08.07-01.55.42:941][518]LogModuleManager: Shutting down and abandoning module SourceCodeAccess (152)
[2020.08.07-01.55.42:941][518]LogModuleManager: Shutting down and abandoning module HeadMountedDisplay (150)
[2020.08.07-01.55.42:941][518]LogModuleManager: Shutting down and abandoning module XAudio2 (148)
[2020.08.07-01.55.42:941][518]LogModuleManager: Shutting down and abandoning module Networking (146)
[2020.08.07-01.55.42:941][518]LogModuleManager: Shutting down and abandoning module Core (144)
[2020.08.07-01.55.42:941][518]LogModuleManager: Shutting down and abandoning module KismetCompiler (142)
[2020.08.07-01.55.42:941][518]LogModuleManager: Shutting down and abandoning module MeshUtilities (140)
[2020.08.07-01.55.42:941][518]LogModuleManager: Shutting down and abandoning module MeshMergeUtilities (139)
[2020.08.07-01.55.42:941][518]LogModuleManager: Shutting down and abandoning module MeshReductionInterface (138)
[2020.08.07-01.55.42:941][518]LogModuleManager: Shutting down and abandoning module SkeletalMeshReduction (137)
[2020.08.07-01.55.42:941][518]LogModuleManager: Shutting down and abandoning module ProxyLODMeshReduction (135)
[2020.08.07-01.55.42:942][518]LogModuleManager: Shutting down and abandoning module QuadricMeshReduction (133)
[2020.08.07-01.55.42:942][518]LogModuleManager: Shutting down and abandoning module MaterialBaking (129)
[2020.08.07-01.55.42:942][518]LogModuleManager: Shutting down and abandoning module PIEPreviewDeviceProfileSelector (124)
[2020.08.07-01.55.42:942][518]LogModuleManager: Shutting down and abandoning module DerivedDataCache (122)
[2020.08.07-01.55.42:984][518]LogDerivedDataCache: Shutdown
[2020.08.07-01.55.42:985][518]LogModuleManager: Shutting down and abandoning module XGEController (120)
[2020.08.07-01.55.42:985][518]LogModuleManager: Shutting down and abandoning module TargetPlatform (118)
[2020.08.07-01.55.42:985][518]LogModuleManager: Shutting down and abandoning module VulkanShaderFormat (117)
[2020.08.07-01.55.42:985][518]LogModuleManager: Shutting down and abandoning module ShaderFormatVectorVM (115)
[2020.08.07-01.55.42:985][518]LogModuleManager: Shutting down and abandoning module ShaderFormatOpenGL (113)
[2020.08.07-01.55.42:985][518]LogModuleManager: Shutting down and abandoning module ShaderFormatD3D (111)
[2020.08.07-01.55.42:985][518]LogModuleManager: Shutting down and abandoning module MetalShaderFormat (109)
[2020.08.07-01.55.42:985][518]LogModuleManager: Shutting down and abandoning module TextureFormatUncompressed (107)
[2020.08.07-01.55.42:985][518]LogModuleManager: Shutting down and abandoning module TextureFormatPVR (105)
[2020.08.07-01.55.42:985][518]LogModuleManager: Shutting down and abandoning module TextureFormatDXT (103)
[2020.08.07-01.55.42:985][518]LogModuleManager: Shutting down and abandoning module TextureFormatIntelISPCTexComp (101)
[2020.08.07-01.55.42:986][518]LogModuleManager: Shutting down and abandoning module TextureFormatASTC (99)
[2020.08.07-01.55.42:986][518]LogModuleManager: Shutting down and abandoning module ImageWrapper (98)
[2020.08.07-01.55.42:986][518]LogModuleManager: Shutting down and abandoning module TextureFormatAndroid (95)
[2020.08.07-01.55.42:986][518]LogModuleManager: Shutting down and abandoning module AudioFormatOpus (93)
[2020.08.07-01.55.42:986][518]LogModuleManager: Shutting down and abandoning module AudioFormatOgg (91)
[2020.08.07-01.55.42:986][518]LogModuleManager: Shutting down and abandoning module AudioFormatADPCM (89)
[2020.08.07-01.55.42:986][518]LogModuleManager: Shutting down and abandoning module WindowsTargetPlatform (87)
[2020.08.07-01.55.42:987][518]LogModuleManager: Shutting down and abandoning module WindowsServerTargetPlatform (85)
[2020.08.07-01.55.42:987][518]LogModuleManager: Shutting down and abandoning module WindowsNoEditorTargetPlatform (83)
[2020.08.07-01.55.42:987][518]LogModuleManager: Shutting down and abandoning module WindowsClientTargetPlatform (81)
[2020.08.07-01.55.42:987][518]LogModuleManager: Shutting down and abandoning module InputCore (78)
[2020.08.07-01.55.42:987][518]LogModuleManager: Shutting down and abandoning module Settings (76)
[2020.08.07-01.55.42:987][518]LogModuleManager: Shutting down and abandoning module PhysXCooking (74)
[2020.08.07-01.55.42:987][518]LogModuleManager: Shutting down and abandoning module SteamVR (72)
[2020.08.07-01.55.42:987][518]LogHMD: Freeing OpenVRDLLHandle.
[2020.08.07-01.55.42:987][518]LogModuleManager: Shutting down and abandoning module OculusHMD (70)
[2020.08.07-01.55.42:988][518]LogModuleManager: Shutting down and abandoning module ExampleDeviceProfileSelector (68)
[2020.08.07-01.55.42:988][518]LogModuleManager: Shutting down and abandoning module LauncherChunkInstaller (66)
[2020.08.07-01.55.42:988][518]LogModuleManager: Shutting down and abandoning module OnlineBlueprintSupport (64)
[2020.08.07-01.55.42:988][518]LogModuleManager: Shutting down and abandoning module OnlineSubsystem (60)
[2020.08.07-01.55.42:991][518]LogModuleManager: Shutting down and abandoning module XMPP (55)
[2020.08.07-01.55.42:991][518]LogModuleManager: Shutting down and abandoning module WebSockets (54)
[2020.08.07-01.55.43:007][518]LogModuleManager: Shutting down and abandoning module HTTP (51)
[2020.08.07-01.55.43:037][518]LogModuleManager: Shutting down and abandoning module SSL (50)
[2020.08.07-01.55.43:043][518]LogModuleManager: Shutting down and abandoning module WmfMedia (46)
[2020.08.07-01.55.43:047][518]LogModuleManager: Shutting down and abandoning module Media (45)
[2020.08.07-01.55.43:055][518]LogModuleManager: Shutting down and abandoning module MagicLeap (42)
[2020.08.07-01.55.43:056][518]LogModuleManager: Shutting down and abandoning module DatasmithContent (40)
[2020.08.07-01.55.43:064][518]LogModuleManager: Shutting down and abandoning module AnimationModifiers (38)
[2020.08.07-01.55.43:064][518]LogModuleManager: Shutting down and abandoning module PropertyEditor (37)
[2020.08.07-01.55.43:064][518]LogModuleManager: Shutting down and abandoning module AudioEditor (34)
[2020.08.07-01.55.43:065][518]LogModuleManager: Shutting down and abandoning module TextureCompressor (32)
[2020.08.07-01.55.43:065][518]LogModuleManager: Shutting down and abandoning module RenderCore (30)
[2020.08.07-01.55.43:066][518]LogModuleManager: Shutting down and abandoning module Landscape (28)
[2020.08.07-01.55.43:066][518]LogModuleManager: Shutting down and abandoning module SlateRHIRenderer (26)
[2020.08.07-01.55.43:066][518]LogModuleManager: Shutting down and abandoning module OpenGLDrv (24)
[2020.08.07-01.55.43:066][518]LogModuleManager: Shutting down and abandoning module D3D11RHI (22)
[2020.08.07-01.55.43:066][518]LogModuleManager: Shutting down and abandoning module AnimGraphRuntime (20)
[2020.08.07-01.55.43:067][518]LogModuleManager: Shutting down and abandoning module Renderer (18)
[2020.08.07-01.55.43:067][518]LogModuleManager: Shutting down and abandoning module Engine (16)
[2020.08.07-01.55.43:067][518]LogModuleManager: Shutting down and abandoning module CoreUObject (14)
[2020.08.07-01.55.43:067][518]LogModuleManager: Shutting down and abandoning module NetworkFile (12)
[2020.08.07-01.55.43:067][518]LogModuleManager: Shutting down and abandoning module CookedIterativeFile (10)
[2020.08.07-01.55.43:067][518]LogModuleManager: Shutting down and abandoning module StreamingFile (8)
[2020.08.07-01.55.43:067][518]LogModuleManager: Shutting down and abandoning module SandboxFile (6)
[2020.08.07-01.55.43:067][518]LogModuleManager: Shutting down and abandoning module PakFile (4)
[2020.08.07-01.55.43:067][518]LogModuleManager: Shutting down and abandoning module RSA (3)
[2020.08.07-01.55.43:092][518]LogExit: Exiting.
[2020.08.07-01.55.43:139][518]Log file closed, 08/06/20 21:55:43
